#
# A fatal error has been detected by the Java Runtime Environment:
#
#  SIGSEGV (0xb) at pc=0x00007f0571da59eb, pid=10889, tid=0x00007f05424ad700
#
# JRE version: Java(TM) SE Runtime Environment (8.0_202-b08) (build 1.8.0_202-b08)
# Java VM: Java HotSpot(TM) 64-Bit Server VM (25.202-b08 mixed mode linux-amd64 compressed oops)
# Problematic frame:
# V  [libjvm.so+0x25d9eb]  MachNode::ideal_reg() const+0xb
#
# Failed to write core dump. Core dumps have been disabled. To enable core dumping, try "ulimit -c unlimited" before starting Java again
#
# If you would like to submit a bug report, please visit:
#   http://bugreport.java.com/bugreport/crash.jsp
#

---------------  T H R E A D  ---------------

Current thread (0x00007f056c0c1000):  JavaThread "C2 CompilerThread1" daemon [_thread_in_native, id=10904, stack(0x00007f05423ad000,0x00007f05424ae000)]

siginfo: si_signo: 11 (SIGSEGV), si_code: 128 (SI_KERNEL), si_addr: 0x0000000000000000

Registers:
RAX=0x00007f052850fea0, RBX=0x0000000000000020, RCX=0x0000000000000005, RDX=0x0000000000000001
RSP=0x00007f05424a9860, RBP=0x00007f05424a9860, RSI=0x00007f053c04c2d0, RDI=0x0000ff052850feb0
R8 =0x0000000000000000, R9 =0x0000000000000000, R10=0x000000000ffffcff, R11=0x0000000000001568
R12=0x00007f0572af66a0, R13=0x00007f052850fe58, R14=0x00007f05424a9be0, R15=0x00007f0524b81dc0
RIP=0x00007f0571da59eb, EFLAGS=0x0000000000010246, CSGSFS=0x002b000000000033, ERR=0x0000000000000000
  TRAPNO=0x000000000000000d

Top of Stack: (sp=0x00007f05424a9860)
0x00007f05424a9860:   00007f05424a98e0 00007f0571f27eff
0x00007f05424a9870:   00007f05424a99a0 0000001c00089ec0
0x00007f05424a9880:   ffffffff00000006 0000000000000010
0x00007f05424a9890:   00007f0524b81df8 00007f05242631a0
0x00007f05424a98a0:   00007f05185dd290 0000000201ffffff
0x00007f05424a98b0:   00007f05424a98e0 00007f05424a9be0
0x00007f05424a98c0:   00007f05424a9970 00007f05424a99e0
0x00007f05424a98d0:   00007f0572ac8718 00007f05424a9a40
0x00007f05424a98e0:   00007f05424a9b30 00007f0571f2b86f
0x00007f05424a98f0:   0000000000000002 0000000200000000
0x00007f05424a9900:   00007f05424a99a0 00007f05424a9940
0x00007f05424a9910:   00007f05424a9970 00007f05283238b0
0x00007f05424a9920:   00007f05283238c0 00007f0528323c98
0x00007f05424a9930:   00000000000003d8 00007f05424a99c0
0x00007f05424a9940:   0000000000000006 00007f0528150be0
0x00007f05424a9950:   00007f0528150be0 00007f0528150bf0
0x00007f05424a9960:   00007f0528150fc8 00000000000003d8
0x00007f05424a9970:   00007f0500000006 00007f05283238b0
0x00007f05424a9980:   00007f05243f9a10 00007f05243fc8e0
0x00007f05424a9990:   00007f05244019f8 000000000024e1f8
0x00007f05424a99a0:   00007f050000000c 00007f05424abf90
0x00007f05424a99b0:   00007f0524aab160 00007f0518a47d00
0x00007f05424a99c0:   00007f0524b7f520 0000000000001539
0x00007f05424a99d0:   00007f05424a9970 00007f05283238c0
0x00007f05424a99e0:   000000000000000a 00007f05424abf90
0x00007f05424a99f0:   00007f05245c4ca0 00007f05249f25f0
0x00007f05424a9a00:   00007f053040b5c0 00007f053040dd30
0x00007f05424a9a10:   00007f0528a8b960 00007f05424a9b50
0x00007f05424a9a20:   00007f05424a9cf0 00007f0500001380
0x00007f05424a9a30:   00007f05424a9970 00000001424a9b50
0x00007f05424a9a40:   00007f0572a36c30 00007f050000000d
0x00007f05424a9a50:   00007f05424abf90 00007f05424a9be0 

Instructions: (pc=0x00007f0571da59eb)
0x00007f0571da59cb:   00 00 00 00 00 55 48 89 f8 48 89 e5 5d c3 0f 1f
0x00007f0571da59db:   80 00 00 00 00 55 48 8b 47 38 48 89 e5 48 8b 38
0x00007f0571da59eb:   48 8b 07 ff 90 d8 00 00 00 48 8d 15 6d 4b d8 00
0x00007f0571da59fb:   48 39 02 74 18 48 63 40 10 5d 48 c1 e0 05 48 03 

Register to memory mapping:

RAX=0x00007f052850fea0 is an unknown value
RBX=0x0000000000000020 is an unknown value
RCX=0x0000000000000005 is an unknown value
RDX=0x0000000000000001 is an unknown value
RSP=0x00007f05424a9860 is pointing into the stack for thread: 0x00007f056c0c1000
RBP=0x00007f05424a9860 is pointing into the stack for thread: 0x00007f056c0c1000
RSI=0x00007f053c04c2d0 is an unknown value
RDI=0x0000ff052850feb0 is an unknown value
R8 =0x0000000000000000 is an unknown value
R9 =0x0000000000000000 is an unknown value
R10=0x000000000ffffcff is an unknown value
R11=0x0000000000001568 is an unknown value
R12=0x00007f0572af66a0: <offset 0xfae6a0> in /opt/jdk/jdk1.8.0_202/jre/lib/amd64/server/libjvm.so at 0x00007f0571b48000
R13=0x00007f052850fe58 is an unknown value
R14=0x00007f05424a9be0 is pointing into the stack for thread: 0x00007f056c0c1000
R15=0x00007f0524b81dc0 is an unknown value


Stack: [0x00007f05423ad000,0x00007f05424ae000],  sp=0x00007f05424a9860,  free space=1010k
Native frames: (J=compiled Java code, j=interpreted, Vv=VM code, C=native code)
V  [libjvm.so+0x25d9eb]  MachNode::ideal_reg() const+0xb
V  [libjvm.so+0x3dfeff]  PhaseChaitin::gather_lrg_masks(bool)+0x25f
V  [libjvm.so+0x3e386f]  PhaseChaitin::Register_Allocate()+0x59f
V  [libjvm.so+0x47eb98]  Compile::Code_Gen()+0x198
V  [libjvm.so+0x4802c1]  Compile::Compile(ciEnv*, C2Compiler*, ciMethod*, int, bool, bool, bool)+0xd91
V  [libjvm.so+0x3c4c4a]  C2Compiler::compile_method(ciEnv*, ciMethod*, int)+0xaa
V  [libjvm.so+0x48b8bc]  CompileBroker::invoke_compiler_on_method(CompileTask*)+0x73c
V  [libjvm.so+0x48d4f8]  CompileBroker::compiler_thread_loop()+0x6d8
V  [libjvm.so+0xa7b9eb]  JavaThread::thread_main_inner()+0xdb
V  [libjvm.so+0xa7bcf1]  JavaThread::run()+0x2d1
V  [libjvm.so+0x90d8c2]  java_start(Thread*)+0x102
C  [libpthread.so.0+0x76ba]  start_thread+0xca


Current CompileTask:
C2:  10054 4845       4       sun.misc.URLClassPath$JarLoader$2::getInputStream (15 bytes)


---------------  P R O C E S S  ---------------

Java Threads: ( => current thread )
  0x00007f0519052800 JavaThread "http-nio-8080-Acceptor" daemon [_thread_in_native, id=10946, stack(0x00007f04f1fbe000,0x00007f04f20bf000)]
  0x00007f0519036000 JavaThread "http-nio-8080-ClientPoller" daemon [_thread_in_native, id=10945, stack(0x00007f04f20bf000,0x00007f04f21c0000)]
  0x00007f0519033000 JavaThread "http-nio-8080-exec-10" daemon [_thread_blocked, id=10944, stack(0x00007f04f21c0000,0x00007f04f22c1000)]
  0x00007f0519031000 JavaThread "http-nio-8080-exec-9" daemon [_thread_blocked, id=10943, stack(0x00007f04f22c1000,0x00007f04f23c2000)]
  0x00007f051902f800 JavaThread "http-nio-8080-exec-8" daemon [_thread_blocked, id=10942, stack(0x00007f04f23c2000,0x00007f04f24c3000)]
  0x00007f051902d800 JavaThread "http-nio-8080-exec-7" daemon [_thread_blocked, id=10941, stack(0x00007f04f24c3000,0x00007f04f25c4000)]
  0x00007f051902b800 JavaThread "http-nio-8080-exec-6" daemon [_thread_blocked, id=10940, stack(0x00007f04f25c4000,0x00007f04f26c5000)]
  0x00007f0519029800 JavaThread "http-nio-8080-exec-5" daemon [_thread_blocked, id=10939, stack(0x00007f04f26c5000,0x00007f04f27c6000)]
  0x00007f0519027800 JavaThread "http-nio-8080-exec-4" daemon [_thread_blocked, id=10938, stack(0x00007f04f27c6000,0x00007f04f28c7000)]
  0x00007f0519025800 JavaThread "http-nio-8080-exec-3" daemon [_thread_blocked, id=10937, stack(0x00007f04f28c7000,0x00007f04f29c8000)]
  0x00007f0519023800 JavaThread "http-nio-8080-exec-2" daemon [_thread_blocked, id=10936, stack(0x00007f04f29c8000,0x00007f04f2ac9000)]
  0x00007f0519022000 JavaThread "http-nio-8080-exec-1" daemon [_thread_blocked, id=10935, stack(0x00007f04f2ac9000,0x00007f04f2bca000)]
  0x00007f051901f000 JavaThread "http-nio-8080-BlockPoller" daemon [_thread_in_native, id=10934, stack(0x00007f04f2bca000,0x00007f04f2ccb000)]
  0x00007f0518ff6800 JavaThread "File Watcher" daemon [_thread_blocked, id=10933, stack(0x00007f04f33cc000,0x00007f04f34cd000)]
  0x00007f05181b8800 JavaThread "Live Reload Server" daemon [_thread_in_native, id=10930, stack(0x00007f04f32cb000,0x00007f04f33cc000)]
  0x00007f0518774000 JavaThread "container-0" [_thread_blocked, id=10927, stack(0x00007f04f34cd000,0x00007f04f35ce000)]
  0x00007f04ec002000 JavaThread "Catalina-utility-2" [_thread_blocked, id=10926, stack(0x00007f04f35ce000,0x00007f04f36cf000)]
  0x00007f0518771800 JavaThread "Catalina-utility-1" [_thread_blocked, id=10925, stack(0x00007f04f36cf000,0x00007f04f37d0000)]
  0x00007f050c238800 JavaThread "cluster-rtt-ClusterId{value='5ff0846f23d8300597856a28', description='null'}-cluster0-shard-00-01.tjflf.mongodb.net:27017" daemon [_thread_blocked, id=10924, stack(0x00007f05106fa000,0x00007f05107fb000)]
  0x00007f050c237000 JavaThread "cluster-ClusterId{value='5ff0846f23d8300597856a28', description='null'}-cluster0-shard-00-01.tjflf.mongodb.net:27017" daemon [_thread_blocked, id=10923, stack(0x00007f05109fb000,0x00007f0510afc000)]
  0x00007f050c235000 JavaThread "cluster-rtt-ClusterId{value='5ff0846f23d8300597856a28', description='null'}-cluster0-shard-00-00.tjflf.mongodb.net:27017" daemon [_thread_blocked, id=10922, stack(0x00007f0510afc000,0x00007f0510bfd000)]
  0x00007f050c234000 JavaThread "cluster-ClusterId{value='5ff0846f23d8300597856a28', description='null'}-cluster0-shard-00-00.tjflf.mongodb.net:27017" daemon [_thread_blocked, id=10921, stack(0x00007f0510bfd000,0x00007f0510cfe000)]
  0x00007f050c232000 JavaThread "cluster-rtt-ClusterId{value='5ff0846f23d8300597856a28', description='null'}-cluster0-shard-00-02.tjflf.mongodb.net:27017" daemon [_thread_blocked, id=10920, stack(0x00007f0510cfe000,0x00007f0510dff000)]
  0x00007f050c230800 JavaThread "cluster-ClusterId{value='5ff0846f23d8300597856a28', description='null'}-cluster0-shard-00-02.tjflf.mongodb.net:27017" daemon [_thread_blocked, id=10919, stack(0x00007f0540098000,0x00007f0540199000)]
  0x00007f0518e47800 JavaThread "cluster-ClusterId{value='5ff0846f23d8300597856a28', description='null'}-srv-cluster0.tjflf.mongodb.net" daemon [_thread_blocked, id=10918, stack(0x00007f0540f9f000,0x00007f05410a0000)]
  0x00007f0514002800 JavaThread "restartedMain" [_thread_in_Java, id=10910, stack(0x00007f0541aef000,0x00007f0541bf0000)]
  0x00007f056c647000 JavaThread "Thread-0" [_thread_blocked, id=10909, stack(0x00007f0541bf0000,0x00007f0541cf1000)]
  0x00007f056c0c6000 JavaThread "Service Thread" daemon [_thread_blocked, id=10906, stack(0x00007f05421ab000,0x00007f05422ac000)]
  0x00007f056c0c3000 JavaThread "C1 CompilerThread2" daemon [_thread_in_vm, id=10905, stack(0x00007f05422ac000,0x00007f05423ad000)]
=>0x00007f056c0c1000 JavaThread "C2 CompilerThread1" daemon [_thread_in_native, id=10904, stack(0x00007f05423ad000,0x00007f05424ae000)]
  0x00007f056c0be800 JavaThread "C2 CompilerThread0" daemon [_thread_blocked, id=10903, stack(0x00007f05424ae000,0x00007f05425af000)]
  0x00007f056c0bd000 JavaThread "Signal Dispatcher" daemon [_thread_blocked, id=10902, stack(0x00007f05425af000,0x00007f05426b0000)]
  0x00007f056c08a000 JavaThread "Finalizer" daemon [_thread_blocked, id=10901, stack(0x00007f054298d000,0x00007f0542a8e000)]
  0x00007f056c087800 JavaThread "Reference Handler" daemon [_thread_blocked, id=10900, stack(0x00007f0542a8e000,0x00007f0542b8f000)]
  0x00007f056c010000 JavaThread "main" [_thread_blocked, id=10893, stack(0x00007f0573668000,0x00007f0573769000)]

Other Threads:
  0x00007f056c07d800 VMThread [stack: 0x00007f0542b8f000,0x00007f0542c90000] [id=10899]
  0x00007f056c0c8800 WatcherThread [stack: 0x00007f05420aa000,0x00007f05421ab000] [id=10907]

VM state:not at safepoint (normal execution)

VM Mutex/Monitor currently owned by a thread:  ([mutex/lock_event])
[0x00007f056c00b550] CodeCache_lock - owner thread: 0x00007f056c0c3000

heap address: 0x00000006d5e00000, size: 3746 MB, Compressed Oops mode: Zero based, Oop shift amount: 3
Narrow klass base: 0x0000000000000000, Narrow klass shift: 3
Compressed class space size: 1073741824 Address: 0x00000007c0000000

Heap:
 PSYoungGen      total 253440K, used 172074K [0x0000000771f80000, 0x0000000785180000, 0x00000007c0000000)
  eden space 243712K, 70% used [0x0000000771f80000,0x000000077c78a858,0x0000000780d80000)
  from space 9728K, 0% used [0x0000000780d80000,0x0000000780d80000,0x0000000781700000)
  to   space 13824K, 0% used [0x0000000784400000,0x0000000784400000,0x0000000785180000)
 ParOldGen       total 153088K, used 14732K [0x00000006d5e00000, 0x00000006df380000, 0x0000000771f80000)
  object space 153088K, 9% used [0x00000006d5e00000,0x00000006d6c630f8,0x00000006df380000)
 Metaspace       used 45673K, capacity 48770K, committed 48896K, reserved 1091584K
  class space    used 6072K, capacity 6603K, committed 6656K, reserved 1048576K

Card table byte_map: [0x00007f055c8ae000,0x00007f055d000000] byte_map_base: 0x00007f05591ff000

Marking Bits: (ParMarkBitMap*) 0x00007f0572b13d80
 Begin Bits: [0x00007f0544af0000, 0x00007f0548578000)
 End Bits:   [0x00007f0548578000, 0x00007f054c000000)

Polling page: 0x00007f0573667000

CodeCache: size=245760Kb used=14341Kb max_used=14365Kb free=231418Kb
 bounds [0x00007f055d000000, 0x00007f055de20000, 0x00007f056c000000]
 total_blobs=4805 nmethods=4335 adapters=384
 compilation: enabled

Compilation events (10 events):
Event: 9.835 Thread 0x00007f056c0c3000 4874       3       org.bson.io.OutputBuffer::write (6 bytes)
Event: 9.835 Thread 0x00007f056c0c3000 nmethod 4874 0x00007f055ddfe250 code [0x00007f055ddfe3c0, 0x00007f055ddfe5c8]
Event: 9.835 Thread 0x00007f056c0c3000 4872       3       org.bson.assertions.Assertions::notNull (33 bytes)
Event: 9.835 Thread 0x00007f056c0c3000 nmethod 4872 0x00007f055ddfb490 code [0x00007f055ddfb660, 0x00007f055ddfbb68]
Event: 9.835 Thread 0x00007f056c0c3000 4873       3       com.mongodb.internal.connection.ByteBufferBsonOutput::getPosition (9 bytes)
Event: 9.836 Thread 0x00007f056c0c3000 nmethod 4873 0x00007f055de00590 code [0x00007f055de00720, 0x00007f055de009c8]
Event: 9.839 Thread 0x00007f056c0be800 4875       4       java.lang.invoke.MethodType::makeImpl (66 bytes)
Event: 9.840 Thread 0x00007f056c0c3000 4876       1       sun.security.ssl.OutputRecord::contentType (5 bytes)
Event: 9.840 Thread 0x00007f056c0c3000 nmethod 4876 0x00007f055ddeffd0 code [0x00007f055ddf0120, 0x00007f055ddf0230]
Event: 9.994 Thread 0x00007f056c0be800 nmethod 4875 0x00007f055de08c90 code [0x00007f055de092a0, 0x00007f055de0dbd8]

GC Heap History (10 events):
Event: 2.405 GC heap before
{Heap before GC invocations=3 (full 0):
 PSYoungGen      total 131584K, used 48702K [0x0000000771f80000, 0x000000077a980000, 0x00000007c0000000)
  eden space 121856K, 31% used [0x0000000771f80000,0x0000000774593380,0x0000000779680000)
  from space 9728K, 99% used [0x000000077a000000,0x000000077a97c638,0x000000077a980000)
  to   space 9728K, 0% used [0x0000000779680000,0x0000000779680000,0x000000077a000000)
 ParOldGen       total 161280K, used 1731K [0x00000006d5e00000, 0x00000006dfb80000, 0x0000000771f80000)
  object space 161280K, 1% used [0x00000006d5e00000,0x00000006d5fb0c58,0x00000006dfb80000)
 Metaspace       used 20174K, capacity 21112K, committed 21248K, reserved 1067008K
  class space    used 2523K, capacity 2740K, committed 2816K, reserved 1048576K
Event: 2.419 GC heap after
Heap after GC invocations=3 (full 0):
 PSYoungGen      total 131584K, used 9470K [0x0000000771f80000, 0x0000000782080000, 0x00000007c0000000)
  eden space 121856K, 0% used [0x0000000771f80000,0x0000000771f80000,0x0000000779680000)
  from space 9728K, 97% used [0x0000000779680000,0x0000000779fbf880,0x000000077a000000)
  to   space 9728K, 0% used [0x0000000781700000,0x0000000781700000,0x0000000782080000)
 ParOldGen       total 161280K, used 1739K [0x00000006d5e00000, 0x00000006dfb80000, 0x0000000771f80000)
  object space 161280K, 1% used [0x00000006d5e00000,0x00000006d5fb2c58,0x00000006dfb80000)
 Metaspace       used 20174K, capacity 21112K, committed 21248K, reserved 1067008K
  class space    used 2523K, capacity 2740K, committed 2816K, reserved 1048576K
}
Event: 2.419 GC heap before
{Heap before GC invocations=4 (full 1):
 PSYoungGen      total 131584K, used 9470K [0x0000000771f80000, 0x0000000782080000, 0x00000007c0000000)
  eden space 121856K, 0% used [0x0000000771f80000,0x0000000771f80000,0x0000000779680000)
  from space 9728K, 97% used [0x0000000779680000,0x0000000779fbf880,0x000000077a000000)
  to   space 9728K, 0% used [0x0000000781700000,0x0000000781700000,0x0000000782080000)
 ParOldGen       total 161280K, used 1739K [0x00000006d5e00000, 0x00000006dfb80000, 0x0000000771f80000)
  object space 161280K, 1% used [0x00000006d5e00000,0x00000006d5fb2c58,0x00000006dfb80000)
 Metaspace       used 20174K, capacity 21112K, committed 21248K, reserved 1067008K
  class space    used 2523K, capacity 2740K, committed 2816K, reserved 1048576K
Event: 2.466 GC heap after
Heap after GC invocations=4 (full 1):
 PSYoungGen      total 131584K, used 0K [0x0000000771f80000, 0x0000000782080000, 0x00000007c0000000)
  eden space 121856K, 0% used [0x0000000771f80000,0x0000000771f80000,0x0000000779680000)
  from space 9728K, 0% used [0x0000000779680000,0x0000000779680000,0x000000077a000000)
  to   space 9728K, 0% used [0x0000000781700000,0x0000000781700000,0x0000000782080000)
 ParOldGen       total 99840K, used 9225K [0x00000006d5e00000, 0x00000006dbf80000, 0x0000000771f80000)
  object space 99840K, 9% used [0x00000006d5e00000,0x00000006d67026e8,0x00000006dbf80000)
 Metaspace       used 20174K, capacity 21112K, committed 21248K, reserved 1067008K
  class space    used 2523K, capacity 2740K, committed 2816K, reserved 1048576K
}
Event: 4.544 GC heap before
{Heap before GC invocations=5 (full 1):
 PSYoungGen      total 131584K, used 121856K [0x0000000771f80000, 0x0000000782080000, 0x00000007c0000000)
  eden space 121856K, 100% used [0x0000000771f80000,0x0000000779680000,0x0000000779680000)
  from space 9728K, 0% used [0x0000000779680000,0x0000000779680000,0x000000077a000000)
  to   space 9728K, 0% used [0x0000000781700000,0x0000000781700000,0x0000000782080000)
 ParOldGen       total 99840K, used 9225K [0x00000006d5e00000, 0x00000006dbf80000, 0x0000000771f80000)
  object space 99840K, 9% used [0x00000006d5e00000,0x00000006d67026e8,0x00000006dbf80000)
 Metaspace       used 29052K, capacity 30958K, committed 31360K, reserved 1077248K
  class space    used 3759K, capacity 4113K, committed 4224K, reserved 1048576K
Event: 4.568 GC heap after
Heap after GC invocations=5 (full 1):
 PSYoungGen      total 194560K, used 9696K [0x0000000771f80000, 0x0000000782080000, 0x00000007c0000000)
  eden space 184832K, 0% used [0x0000000771f80000,0x0000000771f80000,0x000000077d400000)
  from space 9728K, 99% used [0x0000000781700000,0x0000000782078328,0x0000000782080000)
  to   space 9728K, 0% used [0x0000000780d80000,0x0000000780d80000,0x0000000781700000)
 ParOldGen       total 99840K, used 12664K [0x00000006d5e00000, 0x00000006dbf80000, 0x0000000771f80000)
  object space 99840K, 12% used [0x00000006d5e00000,0x00000006d6a5e230,0x00000006dbf80000)
 Metaspace       used 29052K, capacity 30958K, committed 31360K, reserved 1077248K
  class space    used 3759K, capacity 4113K, committed 4224K, reserved 1048576K
}
Event: 5.084 GC heap before
{Heap before GC invocations=6 (full 1):
 PSYoungGen      total 194560K, used 49539K [0x0000000771f80000, 0x0000000782080000, 0x00000007c0000000)
  eden space 184832K, 21% used [0x0000000771f80000,0x0000000774668bc8,0x000000077d400000)
  from space 9728K, 99% used [0x0000000781700000,0x0000000782078328,0x0000000782080000)
  to   space 9728K, 0% used [0x0000000780d80000,0x0000000780d80000,0x0000000781700000)
 ParOldGen       total 99840K, used 12664K [0x00000006d5e00000, 0x00000006dbf80000, 0x0000000771f80000)
  object space 99840K, 12% used [0x00000006d5e00000,0x00000006d6a5e230,0x00000006dbf80000)
 Metaspace       used 33320K, capacity 35390K, committed 35416K, reserved 1079296K
  class space    used 4358K, capacity 4726K, committed 4736K, reserved 1048576K
Event: 5.101 GC heap after
Heap after GC invocations=6 (full 1):
 PSYoungGen      total 253440K, used 9402K [0x0000000771f80000, 0x0000000785180000, 0x00000007c0000000)
  eden space 243712K, 0% used [0x0000000771f80000,0x0000000771f80000,0x0000000780d80000)
  from space 9728K, 96% used [0x0000000780d80000,0x00000007816ae858,0x0000000781700000)
  to   space 13824K, 0% used [0x0000000784400000,0x0000000784400000,0x0000000785180000)
 ParOldGen       total 99840K, used 12672K [0x00000006d5e00000, 0x00000006dbf80000, 0x0000000771f80000)
  object space 99840K, 12% used [0x00000006d5e00000,0x00000006d6a60230,0x00000006dbf80000)
 Metaspace       used 33320K, capacity 35390K, committed 35416K, reserved 1079296K
  class space    used 4358K, capacity 4726K, committed 4736K, reserved 1048576K
}
Event: 5.101 GC heap before
{Heap before GC invocations=7 (full 2):
 PSYoungGen      total 253440K, used 9402K [0x0000000771f80000, 0x0000000785180000, 0x00000007c0000000)
  eden space 243712K, 0% used [0x0000000771f80000,0x0000000771f80000,0x0000000780d80000)
  from space 9728K, 96% used [0x0000000780d80000,0x00000007816ae858,0x0000000781700000)
  to   space 13824K, 0% used [0x0000000784400000,0x0000000784400000,0x0000000785180000)
 ParOldGen       total 99840K, used 12672K [0x00000006d5e00000, 0x00000006dbf80000, 0x0000000771f80000)
  object space 99840K, 12% used [0x00000006d5e00000,0x00000006d6a60230,0x00000006dbf80000)
 Metaspace       used 33320K, capacity 35390K, committed 35416K, reserved 1079296K
  class space    used 4358K, capacity 4726K, committed 4736K, reserved 1048576K
Event: 5.180 GC heap after
Heap after GC invocations=7 (full 2):
 PSYoungGen      total 253440K, used 0K [0x0000000771f80000, 0x0000000785180000, 0x00000007c0000000)
  eden space 243712K, 0% used [0x0000000771f80000,0x0000000771f80000,0x0000000780d80000)
  from space 9728K, 0% used [0x0000000780d80000,0x0000000780d80000,0x0000000781700000)
  to   space 13824K, 0% used [0x0000000784400000,0x0000000784400000,0x0000000785180000)
 ParOldGen       total 153088K, used 14732K [0x00000006d5e00000, 0x00000006df380000, 0x0000000771f80000)
  object space 153088K, 9% used [0x00000006d5e00000,0x00000006d6c630f8,0x00000006df380000)
 Metaspace       used 33320K, capacity 35390K, committed 35416K, reserved 1079296K
  class space    used 4358K, capacity 4726K, committed 4736K, reserved 1048576K
}

Deoptimization events (10 events):
Event: 7.346 Thread 0x00007f0514002800 Uncommon trap: reason=class_check action=maybe_recompile pc=0x00007f055dcdc06c method=org.springframework.core.annotation.AnnotationUtils.findAnnotation(Ljava/lang/Class;Ljava/lang/Class;)Ljava/lang/annotation/Annotation; @ 95
Event: 7.527 Thread 0x00007f0514002800 Uncommon trap: reason=unstable_if action=reinterpret pc=0x00007f055dc772f8 method=org.springframework.core.annotation.AnnotationsScanner.processClassHierarchy(Ljava/lang/Object;[ILjava/lang/Class;Lorg/springframework/core/annotation/AnnotationsProcessor;Z
Event: 7.527 Thread 0x00007f0514002800 Uncommon trap: reason=unstable_if action=reinterpret pc=0x00007f055dc77750 method=org.springframework.core.annotation.AnnotationsScanner.processClassHierarchy(Ljava/lang/Object;[ILjava/lang/Class;Lorg/springframework/core/annotation/AnnotationsProcessor;Z
Event: 7.715 Thread 0x00007f0514002800 Uncommon trap: reason=class_check action=maybe_recompile pc=0x00007f055d841194 method=org.springframework.util.ConcurrentReferenceHashMap$ReferenceManager.pollForPurge()Lorg/springframework/util/ConcurrentReferenceHashMap$Reference; @ 7
Event: 7.715 Thread 0x00007f0514002800 Uncommon trap: reason=class_check action=maybe_recompile pc=0x00007f055d841194 method=org.springframework.util.ConcurrentReferenceHashMap$ReferenceManager.pollForPurge()Lorg/springframework/util/ConcurrentReferenceHashMap$Reference; @ 7
Event: 7.715 Thread 0x00007f0514002800 Uncommon trap: reason=class_check action=maybe_recompile pc=0x00007f055d841194 method=org.springframework.util.ConcurrentReferenceHashMap$ReferenceManager.pollForPurge()Lorg/springframework/util/ConcurrentReferenceHashMap$Reference; @ 7
Event: 7.715 Thread 0x00007f0514002800 Uncommon trap: reason=class_check action=maybe_recompile pc=0x00007f055d841194 method=org.springframework.util.ConcurrentReferenceHashMap$ReferenceManager.pollForPurge()Lorg/springframework/util/ConcurrentReferenceHashMap$Reference; @ 7
Event: 8.378 Thread 0x00007f0514002800 Uncommon trap: reason=predicate action=maybe_recompile pc=0x00007f055d1b9594 method=java.util.regex.Pattern$SliceI.match(Ljava/util/regex/Matcher;ILjava/lang/CharSequence;)Z @ 21
Event: 9.462 Thread 0x00007f0514002800 Uncommon trap: reason=unstable_if action=reinterpret pc=0x00007f055d24a2fc method=sun.nio.cs.UTF_8$Decoder.decode([BII[C)I @ 30
Event: 9.826 Thread 0x00007f0514002800 Uncommon trap: reason=class_check action=maybe_recompile pc=0x00007f055d556790 method=java.util.concurrent.ConcurrentHashMap.get(Ljava/lang/Object;)Ljava/lang/Object; @ 93

Classes redefined (0 events):
No events

Internal exceptions (10 events):
Event: 6.928 Thread 0x00007f0514002800 Exception <a 'java/lang/IncompatibleClassChangeError': Found class java.lang.Object, but interface was expected> (0x0000000778376a70) thrown at [/HUDSON/workspace/8-2-build-linux-amd64/jdk8u202/12319/hotspot/src/share/vm/interpreter/linkResolver.cpp, line
Event: 7.142 Thread 0x00007f0514002800 Exception <a 'java/lang/NoSuchMethodError': java.lang.Object.lambda$byAnnotation$0(Ljava/lang/Class;Ljava/lang/Class;)Z> (0x0000000779191328) thrown at [/HUDSON/workspace/8-2-build-linux-amd64/jdk8u202/12319/hotspot/src/share/vm/interpreter/linkResolver.c
Event: 7.300 Thread 0x00007f0514002800 Exception <a 'java/lang/ClassNotFoundException': java/lang/ObjectCustomizer> (0x0000000779b33448) thrown at [/HUDSON/workspace/8-2-build-linux-amd64/jdk8u202/12319/hotspot/src/share/vm/classfile/systemDictionary.cpp, line 210]
Event: 7.300 Thread 0x00007f0514002800 Exception <a 'java/lang/ClassNotFoundException': org/springframework/security/config/annotation/web/configuration/WebSecurityConfigurationCustomizer> (0x0000000779b546f0) thrown at [/HUDSON/workspace/8-2-build-linux-amd64/jdk8u202/12319/hotspot/src/share/
Event: 7.301 Thread 0x00007f0514002800 Exception <a 'java/lang/ClassNotFoundException': org/springframework/context/annotation/ImportAwareCustomizer> (0x0000000779b78140) thrown at [/HUDSON/workspace/8-2-build-linux-amd64/jdk8u202/12319/hotspot/src/share/vm/classfile/systemDictionary.cpp, line
Event: 7.301 Thread 0x00007f0514002800 Exception <a 'java/lang/ClassNotFoundException': org/springframework/beans/factory/AwareCustomizer> (0x0000000779b8b328) thrown at [/HUDSON/workspace/8-2-build-linux-amd64/jdk8u202/12319/hotspot/src/share/vm/classfile/systemDictionary.cpp, line 210]
Event: 7.301 Thread 0x00007f0514002800 Exception <a 'java/lang/ClassNotFoundException': org/springframework/beans/factory/BeanClassLoaderAwareCustomizer> (0x0000000779ba0b78) thrown at [/HUDSON/workspace/8-2-build-linux-amd64/jdk8u202/12319/hotspot/src/share/vm/classfile/systemDictionary.cpp, 
Event: 7.302 Thread 0x00007f0514002800 Exception <a 'java/lang/ClassNotFoundException': org/springframework/beans/factory/AwareCustomizer> (0x0000000779bb3d40) thrown at [/HUDSON/workspace/8-2-build-linux-amd64/jdk8u202/12319/hotspot/src/share/vm/classfile/systemDictionary.cpp, line 210]
Event: 7.464 Thread 0x00007f0514002800 Exception <a 'java/lang/ClassNotFoundException': java/lang/ObjectCustomizer> (0x000000077a9b3268) thrown at [/HUDSON/workspace/8-2-build-linux-amd64/jdk8u202/12319/hotspot/src/share/vm/classfile/systemDictionary.cpp, line 210]
Event: 7.465 Thread 0x00007f0514002800 Exception <a 'java/lang/ClassNotFoundException': org/springframework/security/config/annotation/web/configuration/HttpSecurityConfigurationCustomizer> (0x000000077a9d4530) thrown at [/HUDSON/workspace/8-2-build-linux-amd64/jdk8u202/12319/hotspot/src/share

Events (10 events):
Event: 9.838 loading class org/bson/types/ObjectId
Event: 9.838 loading class org/bson/types/ObjectId done
Event: 9.839 loading class org/bson/types/ObjectId
Event: 9.839 loading class org/bson/types/ObjectId done
Event: 9.839 loading class com/mongodb/internal/connection/IdHoldingBsonWriter
Event: 9.839 loading class com/mongodb/internal/connection/IdHoldingBsonWriter done
Event: 9.839 loading class org/bson/BsonValue
Event: 9.839 loading class org/bson/BsonValue done
Event: 9.840 loading class com/mongodb/internal/connection/IdHoldingBsonWriter
Event: 9.840 loading class com/mongodb/internal/connection/IdHoldingBsonWriter done


Dynamic libraries:
00400000-00401000 r-xp 00000000 08:06 3014709                            /opt/jdk/jdk1.8.0_202/bin/java
00600000-00601000 r--p 00000000 08:06 3014709                            /opt/jdk/jdk1.8.0_202/bin/java
00601000-00602000 rw-p 00001000 08:06 3014709                            /opt/jdk/jdk1.8.0_202/bin/java
00844000-00865000 rw-p 00000000 00:00 0                                  [heap]
6d5e00000-6df380000 rw-p 00000000 00:00 0 
6df380000-771f80000 ---p 00000000 00:00 0 
771f80000-785180000 rw-p 00000000 00:00 0 
785180000-7c0000000 ---p 00000000 00:00 0 
7c0000000-7c0680000 rw-p 00000000 00:00 0 
7c0680000-800000000 ---p 00000000 00:00 0 
7f04cc000000-7f04cc021000 rw-p 00000000 00:00 0 
7f04cc021000-7f04d0000000 ---p 00000000 00:00 0 
7f04d4000000-7f04d4021000 rw-p 00000000 00:00 0 
7f04d4021000-7f04d8000000 ---p 00000000 00:00 0 
7f04d8000000-7f04d8021000 rw-p 00000000 00:00 0 
7f04d8021000-7f04dc000000 ---p 00000000 00:00 0 
7f04dc000000-7f04dc021000 rw-p 00000000 00:00 0 
7f04dc021000-7f04e0000000 ---p 00000000 00:00 0 
7f04e0000000-7f04e0021000 rw-p 00000000 00:00 0 
7f04e0021000-7f04e4000000 ---p 00000000 00:00 0 
7f04e4000000-7f04e4021000 rw-p 00000000 00:00 0 
7f04e4021000-7f04e8000000 ---p 00000000 00:00 0 
7f04e8000000-7f04e8021000 rw-p 00000000 00:00 0 
7f04e8021000-7f04ec000000 ---p 00000000 00:00 0 
7f04ec000000-7f04ec021000 rw-p 00000000 00:00 0 
7f04ec021000-7f04f0000000 ---p 00000000 00:00 0 
7f04f1dbe000-7f04f1efe000 rw-p 00000000 00:00 0 
7f04f1efe000-7f04f1fbe000 ---p 00000000 00:00 0 
7f04f1fbe000-7f04f1fc1000 ---p 00000000 00:00 0 
7f04f1fc1000-7f04f20bf000 rw-p 00000000 00:00 0 
7f04f20bf000-7f04f20c2000 ---p 00000000 00:00 0 
7f04f20c2000-7f04f21c0000 rw-p 00000000 00:00 0 
7f04f21c0000-7f04f21c3000 ---p 00000000 00:00 0 
7f04f21c3000-7f04f22c1000 rw-p 00000000 00:00 0 
7f04f22c1000-7f04f22c4000 ---p 00000000 00:00 0 
7f04f22c4000-7f04f23c2000 rw-p 00000000 00:00 0 
7f04f23c2000-7f04f23c5000 ---p 00000000 00:00 0 
7f04f23c5000-7f04f24c3000 rw-p 00000000 00:00 0 
7f04f24c3000-7f04f24c6000 ---p 00000000 00:00 0 
7f04f24c6000-7f04f25c4000 rw-p 00000000 00:00 0 
7f04f25c4000-7f04f25c7000 ---p 00000000 00:00 0 
7f04f25c7000-7f04f26c5000 rw-p 00000000 00:00 0 
7f04f26c5000-7f04f26c8000 ---p 00000000 00:00 0 
7f04f26c8000-7f04f27c6000 rw-p 00000000 00:00 0 
7f04f27c6000-7f04f27c9000 ---p 00000000 00:00 0 
7f04f27c9000-7f04f28c7000 rw-p 00000000 00:00 0 
7f04f28c7000-7f04f28ca000 ---p 00000000 00:00 0 
7f04f28ca000-7f04f29c8000 rw-p 00000000 00:00 0 
7f04f29c8000-7f04f29cb000 ---p 00000000 00:00 0 
7f04f29cb000-7f04f2ac9000 rw-p 00000000 00:00 0 
7f04f2ac9000-7f04f2acc000 ---p 00000000 00:00 0 
7f04f2acc000-7f04f2bca000 rw-p 00000000 00:00 0 
7f04f2bca000-7f04f2bcd000 ---p 00000000 00:00 0 
7f04f2bcd000-7f04f2ecb000 rw-p 00000000 00:00 0 
7f04f2ecb000-7f04f30cb000 rw-p 00000000 00:00 0 
7f04f30cb000-7f04f32cb000 rw-p 00000000 00:00 0 
7f04f32cb000-7f04f32ce000 ---p 00000000 00:00 0 
7f04f32ce000-7f04f33cc000 rw-p 00000000 00:00 0 
7f04f33cc000-7f04f33cf000 ---p 00000000 00:00 0 
7f04f33cf000-7f04f34cd000 rw-p 00000000 00:00 0 
7f04f34cd000-7f04f34d0000 ---p 00000000 00:00 0 
7f04f34d0000-7f04f35ce000 rw-p 00000000 00:00 0 
7f04f35ce000-7f04f35d1000 ---p 00000000 00:00 0 
7f04f35d1000-7f04f36cf000 rw-p 00000000 00:00 0 
7f04f36cf000-7f04f36d2000 ---p 00000000 00:00 0 
7f04f36d2000-7f04f39d0000 rw-p 00000000 00:00 0 
7f04f39d0000-7f04f39e7000 r-xp 00000000 08:06 15340782                   /lib/x86_64-linux-gnu/libresolv-2.23.so
7f04f39e7000-7f04f3be7000 ---p 00017000 08:06 15340782                   /lib/x86_64-linux-gnu/libresolv-2.23.so
7f04f3be7000-7f04f3be8000 r--p 00017000 08:06 15340782                   /lib/x86_64-linux-gnu/libresolv-2.23.so
7f04f3be8000-7f04f3be9000 rw-p 00018000 08:06 15340782                   /lib/x86_64-linux-gnu/libresolv-2.23.so
7f04f3be9000-7f04f3beb000 rw-p 00000000 00:00 0 
7f04f3bf0000-7f04f3bf5000 r-xp 00000000 08:06 15340461                   /lib/x86_64-linux-gnu/libnss_dns-2.23.so
7f04f3bf5000-7f04f3df5000 ---p 00005000 08:06 15340461                   /lib/x86_64-linux-gnu/libnss_dns-2.23.so
7f04f3df5000-7f04f3df6000 r--p 00005000 08:06 15340461                   /lib/x86_64-linux-gnu/libnss_dns-2.23.so
7f04f3df6000-7f04f3df7000 rw-p 00006000 08:06 15340461                   /lib/x86_64-linux-gnu/libnss_dns-2.23.so
7f04f3df8000-7f04f3dfa000 r-xp 00000000 08:06 15340208                   /lib/x86_64-linux-gnu/libnss_mdns4_minimal.so.2
7f04f3dfa000-7f04f3ff9000 ---p 00002000 08:06 15340208                   /lib/x86_64-linux-gnu/libnss_mdns4_minimal.so.2
7f04f3ff9000-7f04f3ffa000 r--p 00001000 08:06 15340208                   /lib/x86_64-linux-gnu/libnss_mdns4_minimal.so.2
7f04f3ffa000-7f04f3ffb000 rw-p 00002000 08:06 15340208                   /lib/x86_64-linux-gnu/libnss_mdns4_minimal.so.2
7f04f4000000-7f04f4021000 rw-p 00000000 00:00 0 
7f04f4021000-7f04f8000000 ---p 00000000 00:00 0 
7f04f8000000-7f04f803d000 rw-p 00000000 00:00 0 
7f04f803d000-7f04fc000000 ---p 00000000 00:00 0 
7f04fc000000-7f04fc030000 rw-p 00000000 00:00 0 
7f04fc030000-7f0500000000 ---p 00000000 00:00 0 
7f0500000000-7f0500048000 rw-p 00000000 00:00 0 
7f0500048000-7f0504000000 ---p 00000000 00:00 0 
7f0504000000-7f05040bc000 rw-p 00000000 00:00 0 
7f05040bc000-7f0508000000 ---p 00000000 00:00 0 
7f0508000000-7f0508021000 rw-p 00000000 00:00 0 
7f0508021000-7f050c000000 ---p 00000000 00:00 0 
7f050c000000-7f050c23b000 rw-p 00000000 00:00 0 
7f050c23b000-7f0510000000 ---p 00000000 00:00 0 
7f05100a0000-7f05102a0000 rw-p 00000000 00:00 0 
7f05102a0000-7f05102b6000 r-xp 00000000 08:06 15340141                   /lib/x86_64-linux-gnu/libgcc_s.so.1
7f05102b6000-7f05104b5000 ---p 00016000 08:06 15340141                   /lib/x86_64-linux-gnu/libgcc_s.so.1
7f05104b5000-7f05104b6000 rw-p 00015000 08:06 15340141                   /lib/x86_64-linux-gnu/libgcc_s.so.1
7f05104b8000-7f05104f0000 r-xp 00000000 08:06 3016378                    /opt/jdk/jdk1.8.0_202/jre/lib/amd64/libsunec.so
7f05104f0000-7f05106ef000 ---p 00038000 08:06 3016378                    /opt/jdk/jdk1.8.0_202/jre/lib/amd64/libsunec.so
7f05106ef000-7f05106f4000 r--p 00037000 08:06 3016378                    /opt/jdk/jdk1.8.0_202/jre/lib/amd64/libsunec.so
7f05106f4000-7f05106f6000 rw-p 0003c000 08:06 3016378                    /opt/jdk/jdk1.8.0_202/jre/lib/amd64/libsunec.so
7f05106fa000-7f05106fd000 ---p 00000000 00:00 0 
7f05106fd000-7f05109fb000 rw-p 00000000 00:00 0 
7f05109fb000-7f05109fe000 ---p 00000000 00:00 0 
7f05109fe000-7f0510afc000 rw-p 00000000 00:00 0 
7f0510afc000-7f0510aff000 ---p 00000000 00:00 0 
7f0510aff000-7f0510bfd000 rw-p 00000000 00:00 0 
7f0510bfd000-7f0510c00000 ---p 00000000 00:00 0 
7f0510c00000-7f0510cfe000 rw-p 00000000 00:00 0 
7f0510cfe000-7f0510d01000 ---p 00000000 00:00 0 
7f0510d01000-7f0510fff000 rw-p 00000000 00:00 0 
7f0510fff000-7f0514000000 rw-p 00000000 00:00 0 
7f0514000000-7f0514021000 rw-p 00000000 00:00 0 
7f0514021000-7f0518000000 ---p 00000000 00:00 0 
7f0518000000-7f05190e5000 rw-p 00000000 00:00 0 
7f05190e5000-7f051c000000 ---p 00000000 00:00 0 
7f051c000000-7f051c021000 rw-p 00000000 00:00 0 
7f051c021000-7f0520000000 ---p 00000000 00:00 0 
7f0520000000-7f0520021000 rw-p 00000000 00:00 0 
7f0520021000-7f0524000000 ---p 00000000 00:00 0 
7f0524000000-7f0524f98000 rw-p 00000000 00:00 0 
7f0524f98000-7f0528000000 ---p 00000000 00:00 0 
7f0528000000-7f0528bca000 rw-p 00000000 00:00 0 
7f0528bca000-7f052c000000 ---p 00000000 00:00 0 
7f052c000000-7f052c021000 rw-p 00000000 00:00 0 
7f052c021000-7f0530000000 ---p 00000000 00:00 0 
7f0530000000-7f0531323000 rw-p 00000000 00:00 0 
7f0531323000-7f0534000000 ---p 00000000 00:00 0 
7f0534000000-7f0534021000 rw-p 00000000 00:00 0 
7f0534021000-7f0538000000 ---p 00000000 00:00 0 
7f0538000000-7f0538021000 rw-p 00000000 00:00 0 
7f0538021000-7f053c000000 ---p 00000000 00:00 0 
7f053c000000-7f053c103000 rw-p 00000000 00:00 0 
7f053c103000-7f0540000000 ---p 00000000 00:00 0 
7f0540077000-7f054007d000 r--s 0003f000 08:06 3016278                    /opt/jdk/jdk1.8.0_202/jre/lib/ext/sunjce_provider.jar
7f0540081000-7f0540083000 r--s 00009000 08:06 3016268                    /opt/jdk/jdk1.8.0_202/jre/lib/ext/sunec.jar
7f054008a000-7f054008e000 r--s 0003a000 08:06 3016275                    /opt/jdk/jdk1.8.0_202/jre/lib/ext/sunpkcs11.jar
7f0540092000-7f0540095000 r--s 0001a000 08:06 3016443                    /opt/jdk/jdk1.8.0_202/jre/lib/jce.jar
7f0540098000-7f054009b000 ---p 00000000 00:00 0 
7f054009b000-7f0540399000 rw-p 00000000 00:00 0 
7f0540399000-7f0540599000 rw-p 00000000 00:00 0 
7f0540599000-7f054059d000 r--s 000a1000 08:06 3016266                    /opt/jdk/jdk1.8.0_202/jre/lib/jsse.jar
7f054059f000-7f054079f000 rw-p 00000000 00:00 0 
7f054079f000-7f054099f000 rw-p 00000000 00:00 0 
7f054099f000-7f0540b9f000 rw-p 00000000 00:00 0 
7f0540b9f000-7f0540d9f000 rw-p 00000000 00:00 0 
7f0540d9f000-7f0540f9f000 rw-p 00000000 00:00 0 
7f0540f9f000-7f0540fa2000 ---p 00000000 00:00 0 
7f0540fa2000-7f05410a0000 rw-p 00000000 00:00 0 
7f05410a0000-7f05410a9000 r-xp 00000000 08:06 3016435                    /opt/jdk/jdk1.8.0_202/jre/lib/amd64/libmanagement.so
7f05410a9000-7f05412a8000 ---p 00009000 08:06 3016435                    /opt/jdk/jdk1.8.0_202/jre/lib/amd64/libmanagement.so
7f05412a8000-7f05412a9000 r--p 00008000 08:06 3016435                    /opt/jdk/jdk1.8.0_202/jre/lib/amd64/libmanagement.so
7f05412a9000-7f05412aa000 rw-p 00009000 08:06 3016435                    /opt/jdk/jdk1.8.0_202/jre/lib/amd64/libmanagement.so
7f05412ad000-7f05412c0000 r--s 00345000 08:06 3016247                    /opt/jdk/jdk1.8.0_202/jre/lib/resources.jar
7f05412c0000-7f05412d6000 r-xp 00000000 08:06 3016428                    /opt/jdk/jdk1.8.0_202/jre/lib/amd64/libnet.so
7f05412d6000-7f05414d6000 ---p 00016000 08:06 3016428                    /opt/jdk/jdk1.8.0_202/jre/lib/amd64/libnet.so
7f05414d6000-7f05414d7000 r--p 00016000 08:06 3016428                    /opt/jdk/jdk1.8.0_202/jre/lib/amd64/libnet.so
7f05414d7000-7f05414d8000 rw-p 00017000 08:06 3016428                    /opt/jdk/jdk1.8.0_202/jre/lib/amd64/libnet.so
7f05414d8000-7f05414e9000 r-xp 00000000 08:06 3016431                    /opt/jdk/jdk1.8.0_202/jre/lib/amd64/libnio.so
7f05414e9000-7f05416e8000 ---p 00011000 08:06 3016431                    /opt/jdk/jdk1.8.0_202/jre/lib/amd64/libnio.so
7f05416e8000-7f05416e9000 r--p 00010000 08:06 3016431                    /opt/jdk/jdk1.8.0_202/jre/lib/amd64/libnio.so
7f05416e9000-7f05416ea000 rw-p 00011000 08:06 3016431                    /opt/jdk/jdk1.8.0_202/jre/lib/amd64/libnio.so
7f05416ef000-7f05418ef000 rw-p 00000000 00:00 0 
7f05418ef000-7f0541aef000 rw-p 00000000 00:00 0 
7f0541aef000-7f0541af2000 ---p 00000000 00:00 0 
7f0541af2000-7f0541bf0000 rw-p 00000000 00:00 0 
7f0541bf0000-7f0541bf3000 ---p 00000000 00:00 0 
7f0541bf3000-7f0541cf1000 rw-p 00000000 00:00 0 
7f0541cf1000-7f0541cf4000 r--s 00011000 08:06 20454358                   /home/spaneos/.gradle/caches/modules-2/files-2.1/io.jsonwebtoken/jjwt-impl/0.11.2/8fd8acf9d3cb9a2db05bfa484c2a1408cc3507f9/jjwt-impl-0.11.2.jar
7f0541cfa000-7f0541d00000 r--s 00032000 08:06 20453098                   /home/spaneos/.gradle/caches/modules-2/files-2.1/org.springframework.boot/spring-boot-devtools/2.4.1/22d4eca38aa8a7304bccc845a3cca42c77d3e9a2/spring-boot-devtools-2.4.1.jar
7f0541d02000-7f0541d08000 r--s 00042000 08:06 20452988                   /home/spaneos/.gradle/caches/modules-2/files-2.1/org.apache.logging.log4j/log4j-api/2.13.3/ec1508160b93d274b1add34419b897bae84c6ca9/log4j-api-2.13.3.jar
7f0541d09000-7f0541d14000 r--s 00069000 08:06 20452986                   /home/spaneos/.gradle/caches/modules-2/files-2.1/ch.qos.logback/logback-core/1.2.3/864344400c3d4d92dfeb0a305dc87d953677c03c/logback-core-1.2.3.jar
7f0541d15000-7f0541d16000 r--s 00005000 08:06 20452884                   /home/spaneos/.gradle/caches/modules-2/files-2.1/org.springframework/spring-jcl/5.3.2/5a9fc63ea825fe0de40cefd6d4985490ceabefbb/spring-jcl-5.3.2.jar
7f0541d1b000-7f0541d66000 r--s 0030b000 08:06 20453038                   /home/spaneos/.gradle/caches/modules-2/files-2.1/net.bytebuddy/byte-buddy/1.10.18/20240291b4f14ffe986e45468b1f1a3c15edc37c/byte-buddy-1.10.18.jar
7f0541d66000-7f0541d6b000 r--s 00036000 08:06 20453119                   /home/spaneos/.gradle/caches/modules-2/files-2.1/org.glassfish/jakarta.el/3.0.3/dab46ee1ee23f7197c13d7c40fce14817c9017df/jakarta.el-3.0.3.jar
7f0541d6e000-7f0541d99000 r--s 00316000 08:06 20453112                   /home/spaneos/.gradle/caches/modules-2/files-2.1/org.apache.tomcat.embed/tomcat-embed-core/9.0.41/a43e9711e85073187d04b137882b4b7957180ef0/tomcat-embed-core-9.0.41.jar
7f0541d9d000-7f0541da3000 r--s 0003d000 08:06 20453111                   /home/spaneos/.gradle/caches/modules-2/files-2.1/org.apache.tomcat.embed/tomcat-embed-websocket/9.0.41/b6e5fdc2a4088c340d0916468d7e2ecff71d83d/tomcat-embed-websocket-9.0.41.jar
7f0541da7000-7f0541db1000 r--s 0006f000 08:06 20453139                   /home/spaneos/.gradle/caches/modules-2/files-2.1/org.mongodb/bson/4.1.1/ff6bfa9529c34814479df5a78a2a2fbb79abc574/bson-4.1.1.jar
7f0541db4000-7f0541dd4000 r--s 00174000 08:06 20453134                   /home/spaneos/.gradle/caches/modules-2/files-2.1/org.mongodb/mongodb-driver-core/4.1.1/8604ac94a1f0ee7534543c9a5d6c3732b6776cde/mongodb-driver-core-4.1.1.jar
7f0541dd5000-7f0541ddc000 r--s 00045000 08:06 20452770                   /home/spaneos/.gradle/caches/modules-2/files-2.1/org.yaml/snakeyaml/1.27/359d62567480b07a679dc643f82fc926b100eed5/snakeyaml-1.27.jar
7f0541de3000-7f0541dfe000 r--s 0014b000 08:06 20452879                   /home/spaneos/.gradle/caches/modules-2/files-2.1/org.springframework/spring-core/5.3.2/152489ed8223a6ad19065a3cd1ee6b9e20c0b82f/spring-core-5.3.2.jar
7f0541e00000-7f0541e05000 r--s 00040000 08:06 20452982                   /home/spaneos/.gradle/caches/modules-2/files-2.1/org.springframework/spring-expression/5.3.2/31cfebc4f74de54ddf4298cc6fa4de4090486c41/spring-expression-5.3.2.jar
7f0541e05000-7f0541e07000 r--s 00005000 08:06 20452978                   /home/spaneos/.gradle/caches/modules-2/files-2.1/jakarta.annotation/jakarta.annotation-api/1.3.5/59eb84ee0d616332ff44aba065f3888cf002cd2d/jakarta.annotation-api-1.3.5.jar
7f0541e0e000-7f0541e1a000 r--s 0009e000 08:06 20452981                   /home/spaneos/.gradle/caches/modules-2/files-2.1/org.springframework/spring-beans/5.3.2/289d8047f7cc524d60ca0c4cc6fedb8cb003e02d/spring-beans-5.3.2.jar
7f0541e1f000-7f0541e29000 r--s 00047000 08:06 20453136                   /home/spaneos/.gradle/caches/modules-2/files-2.1/org.springframework/spring-tx/5.3.2/b0cd6f30a39666e28006a23059a600986dfcbbe1/spring-tx-5.3.2.jar
7f0541e2a000-7f0541e2e000 r--s 00052000 08:06 20452886                   /home/spaneos/.gradle/caches/modules-2/files-2.1/com.fasterxml.jackson.core/jackson-core/2.11.3/c2351800432bdbdd8284c3f5a7f0782a352aa84a/jackson-core-2.11.3.jar
7f0541e2e000-7f0541e31000 r--s 0000e000 08:06 20452885                   /home/spaneos/.gradle/caches/modules-2/files-2.1/com.fasterxml.jackson.core/jackson-annotations/2.11.3/25d4e9c777e7a8805c4a000a8629d3009c779c9b/jackson-annotations-2.11.3.jar
7f0541e35000-7f0541e53000 r--s 0015d000 08:06 20453103                   /home/spaneos/.gradle/caches/modules-2/files-2.1/org.springframework/spring-web/5.3.2/5ea6e1536ee6a70bb5c2efbd579c688c09a93a4b/spring-web-5.3.2.jar
7f0541e59000-7f0541e5a000 r--s 00001000 08:06 20453101                   /home/spaneos/.gradle/caches/modules-2/files-2.1/org.springframework.boot/spring-boot-starter-tomcat/2.4.1/92c0d7938bdf47fb9d3781aef94b07f5a940a263/spring-boot-starter-tomcat-2.4.1.jar
7f0541e5f000-7f0541e62000 r--s 0001f000 08:06 20452425                   /home/spaneos/.gradle/caches/modules-2/files-2.1/org.mongodb/mongodb-driver-sync/4.1.1/15e5e6961f0c1fc774413ee129754f8f6355fb6f/mongodb-driver-sync-4.1.1.jar
7f0541e63000-7f0541e6c000 r--s 00053000 08:06 20452980                   /home/spaneos/.gradle/caches/modules-2/files-2.1/org.springframework/spring-aop/5.3.2/c01aecb495a37786b5d6b7e9701c6f78353b61e6/spring-aop-5.3.2.jar
7f0541e6c000-7f0541e88000 r--s 00114000 08:06 20452979                   /home/spaneos/.gradle/caches/modules-2/files-2.1/org.springframework/spring-context/5.3.2/83ff3909a582eceb5c8ae152f1e510672106f42b/spring-context-5.3.2.jar
7f0541e89000-7f0541e96000 r--s 00061000 08:06 20454263                   /home/spaneos/.gradle/caches/modules-2/files-2.1/org.springframework.security/spring-security-core/5.4.2/cae0310c1de450a6e4a7fbc7d01702bf81d7390d/spring-security-core-5.4.2.jar
7f0541e9a000-7f0541eb6000 r--s 00122000 08:06 20452976                   /home/spaneos/.gradle/caches/modules-2/files-2.1/org.springframework.boot/spring-boot/2.4.1/92bf6245c590b56ecb10d8d39ffe04ab0cdfee9/spring-boot-2.4.1.jar
7f0541ebd000-7f0541ee8000 r--s 0014d000 08:06 20452975                   /home/spaneos/.gradle/caches/modules-2/files-2.1/org.springframework.boot/spring-boot-autoconfigure/2.4.1/9af62d8d15ee71efb9baf35dc5263fc953230ab1/spring-boot-autoconfigure-2.4.1.jar
7f0541ee9000-7f0541efc000 r--s 000e1000 08:06 20453102                   /home/spaneos/.gradle/caches/modules-2/files-2.1/org.springframework/spring-webmvc/5.3.2/6c1106b59db4c91682b740d2deaa3f02400ea8c8/spring-webmvc-5.3.2.jar
7f0541efd000-7f0541f0c000 r--s 00085000 08:06 20453641                   /home/spaneos/.gradle/caches/modules-2/files-2.1/org.springframework.security/spring-security-web/5.4.2/397b4d52b0bd9e7219789630ac3836cce7557c44/spring-security-web-5.4.2.jar
7f0541f10000-7f0541f24000 r--s 00118000 08:06 20454262                   /home/spaneos/.gradle/caches/modules-2/files-2.1/org.springframework.security/spring-security-config/5.4.2/b3e9919e915aa4f7751b3aba56e4361c909a0ed3/spring-security-config-5.4.2.jar
7f0541f24000-7f0541f26000 r--s 00004000 08:06 20453634                   /home/spaneos/.gradle/caches/modules-2/files-2.1/org.mapstruct/mapstruct/1.2.0.Final/8609d6eb044e9f6c73cb24c8f2f4ed5c72a249c7/mapstruct-1.2.0.Final.jar
7f0541f29000-7f0541f2b000 r--s 00009000 08:06 20452987                   /home/spaneos/.gradle/caches/modules-2/files-2.1/org.slf4j/slf4j-api/1.7.30/b5a4b6d16ab13e34a88fae84c35cd5d68cac922c/slf4j-api-1.7.30.jar
7f0541f30000-7f0541f32000 r--s 00000000 08:06 20452985                   /home/spaneos/.gradle/caches/modules-2/files-2.1/org.slf4j/jul-to-slf4j/1.7.30/d58bebff8cbf70ff52b59208586095f467656c30/jul-to-slf4j-1.7.30.jar
7f0541f33000-7f0541f35000 r--s 00003000 08:06 20452984                   /home/spaneos/.gradle/caches/modules-2/files-2.1/org.apache.logging.log4j/log4j-to-slf4j/2.13.3/966f6fd1af4959d6b12bfa880121d4a2b164f857/log4j-to-slf4j-2.13.3.jar
7f0541f39000-7f0541f3f000 r--s 00041000 08:06 20452983                   /home/spaneos/.gradle/caches/modules-2/files-2.1/ch.qos.logback/logback-classic/1.2.3/7c4f3c474fb2c041d8028740440937705ebb473a/logback-classic-1.2.3.jar
7f0541f41000-7f0541f42000 r--s 00001000 08:06 20452977                   /home/spaneos/.gradle/caches/modules-2/files-2.1/org.springframework.boot/spring-boot-starter-logging/2.4.1/5e83cd807e8fe6a25dd36a37ad9222e9d1309336/spring-boot-starter-logging-2.4.1.jar
7f0541f49000-7f0541f4a000 r--s 00001000 08:06 20452974                   /home/spaneos/.gradle/caches/modules-2/files-2.1/org.springframework.boot/spring-boot-starter/2.4.1/15d81ffe81e26de37986d491e1cf4c1e3a324ca3/spring-boot-starter-2.4.1.jar
7f0541f4d000-7f0541f67000 r--s 00115000 08:06 20453137                   /home/spaneos/.gradle/caches/modules-2/files-2.1/org.springframework.data/spring-data-commons/2.4.2/30f16a7d7653d036e38e2e894a6456849e503f/spring-data-commons-2.4.2.jar
7f0541f6d000-7f0541f96000 r--s 0019d000 08:06 20453135                   /home/spaneos/.gradle/caches/modules-2/files-2.1/org.springframework.data/spring-data-mongodb/3.1.2/edb9d0bfbb930b84719b3c0c0a8c2743fbb58fb8/spring-data-mongodb-3.1.2.jar
7f0541f98000-7f0541f9a000 r--s 00000000 08:06 20453631                   /home/spaneos/.gradle/caches/modules-2/files-2.1/org.springframework.plugin/spring-plugin-metadata/1.2.0.RELEASE/97223fc496b6cab31602eedbd4202aa4fff0d44f/spring-plugin-metadata-1.2.0.RELEASE.jar
7f0541f9f000-7f0541fa1000 r--s 0000f000 08:06 20453630                   /home/spaneos/.gradle/caches/modules-2/files-2.1/com.fasterxml/classmate/1.5.1/3fe0bed568c62df5e89f4f174c101eab25345b6c/classmate-1.5.1.jar
7f0541fa6000-7f0541fd5000 r--s 00226000 08:06 20453254                   /home/spaneos/.gradle/caches/modules-2/files-2.1/com.google.guava/guava/20.0/89507701249388e1ed5ddcf8c41f4ce1be7831ef/guava-20.0.jar
7f0541fd9000-7f0541fdd000 r--s 00019000 08:06 20453626                   /home/spaneos/.gradle/caches/modules-2/files-2.1/io.springfox/springfox-core/2.9.2/2e26f58939c594fb5c958c3a1c7bedf83d2f2702/springfox-core-2.9.2.jar
7f0541fe3000-7f0541fe6000 r--s 0000b000 08:06 20453259                   /home/spaneos/.gradle/caches/modules-2/files-2.1/io.springfox/springfox-spi/2.9.2/6ac686190a6ceaccdae8b50d03b0501d144a6666/springfox-spi-2.9.2.jar
7f0541feb000-7f0541ff0000 r--s 0002b000 08:06 20453257                   /home/spaneos/.gradle/caches/modules-2/files-2.1/io.springfox/springfox-spring-web/2.9.2/ed2ed714a6cba8804d00f80f0534901e4c7a3211/springfox-spring-web-2.9.2.jar
7f0541ff2000-7f0541ff5000 r--s 00012000 08:06 20453256                   /home/spaneos/.gradle/caches/modules-2/files-2.1/io.springfox/springfox-schema/2.9.2/e268f38774b16bb51a92ccaef0dcf3dc651c0cee/springfox-schema-2.9.2.jar
7f0541ffc000-7f0541ffe000 r--s 00004000 08:06 20450033                   /home/spaneos/.gradle/caches/modules-2/files-2.1/io.swagger/swagger-annotations/1.5.20/16051f93ce11ca489a5313775d825f82fcc2cd6c/swagger-annotations-1.5.20.jar
7f0542002000-7f0542006000 r--s 00022000 08:06 20453255                   /home/spaneos/.gradle/caches/modules-2/files-2.1/io.swagger/swagger-models/1.5.20/fb3a23bad80c5ed84db9dd150db2cba699531458/swagger-models-1.5.20.jar
7f0542007000-7f054200b000 r--s 00017000 08:06 20453228                   /home/spaneos/.gradle/caches/modules-2/files-2.1/io.springfox/springfox-swagger-common/2.9.2/b38a41b3044af80cb7f41f67be5d158c9f6491ec/springfox-swagger-common-2.9.2.jar
7f054200c000-7f054200e000 r--s 0000c000 08:06 20454360                   /home/spaneos/.gradle/caches/modules-2/files-2.1/javax.activation/javax.activation-api/1.2.0/85262acf3ca9816f9537ca47d5adeabaead7cb16/javax.activation-api-1.2.0.jar
7f054200e000-7f0542024000 r--s 00146000 08:06 20452881                   /home/spaneos/.gradle/caches/modules-2/files-2.1/com.fasterxml.jackson.core/jackson-databind/2.11.3/4f7b27416934dc929bb6c2d2c5fe521829e6a4ec/jackson-databind-2.11.3.jar
7f0542029000-7f054202b000 r--s 00001000 08:06 20452880                   /home/spaneos/.gradle/caches/modules-2/files-2.1/com.fasterxml.jackson.module/jackson-module-parameter-names/2.11.3/ab66d5c5b8008161ae89be8a3d98efff9ef1b915/jackson-module-parameter-names-2.11.3.jar
7f054202d000-7f0542087000 r--s 0034d000 08:06 20453725                   /home/spaneos/.gradle/caches/modules-2/files-2.1/org.modelmapper/modelmapper/2.3.9/8bb9110f8df3fbd6c1c2e4b69f7c6add737888e7/modelmapper-2.3.9.jar
7f054208b000-7f05420a4000 r--s 001bb000 08:06 20452211                   /home/spaneos/.gradle/caches/modules-2/files-2.1/org.projectlombok/lombok/1.18.16/6dc192c7f93ec1853f70d59d8a6dcf94eb42866/lombok-1.18.16.jar
7f05420aa000-7f05420ab000 ---p 00000000 00:00 0 
7f05420ab000-7f05421ab000 rw-p 00000000 00:00 0 
7f05421ab000-7f05421ae000 ---p 00000000 00:00 0 
7f05421ae000-7f05422ac000 rw-p 00000000 00:00 0 
7f05422ac000-7f05422af000 ---p 00000000 00:00 0 
7f05422af000-7f05423ad000 rw-p 00000000 00:00 0 
7f05423ad000-7f05423b0000 ---p 00000000 00:00 0 
7f05423b0000-7f05424ae000 rw-p 00000000 00:00 0 
7f05424ae000-7f05424b1000 ---p 00000000 00:00 0 
7f05424b1000-7f05425af000 rw-p 00000000 00:00 0 
7f05425af000-7f05425b2000 ---p 00000000 00:00 0 
7f05425b2000-7f05426b0000 rw-p 00000000 00:00 0 
7f05426b0000-7f0542988000 r--p 00000000 08:06 13241465                   /usr/lib/locale/locale-archive
7f054298d000-7f0542990000 ---p 00000000 00:00 0 
7f0542990000-7f0542a8e000 rw-p 00000000 00:00 0 
7f0542a8e000-7f0542a91000 ---p 00000000 00:00 0 
7f0542a91000-7f0542b8f000 rw-p 00000000 00:00 0 
7f0542b8f000-7f0542b90000 ---p 00000000 00:00 0 
7f0542b90000-7f054c000000 rw-p 00000000 00:00 0 
7f054c000000-7f054c021000 rw-p 00000000 00:00 0 
7f054c021000-7f0550000000 ---p 00000000 00:00 0 
7f0550000000-7f0550021000 rw-p 00000000 00:00 0 
7f0550021000-7f0554000000 ---p 00000000 00:00 0 
7f0554000000-7f0554021000 rw-p 00000000 00:00 0 
7f0554021000-7f0558000000 ---p 00000000 00:00 0 
7f0558000000-7f0558021000 rw-p 00000000 00:00 0 
7f0558021000-7f055c000000 ---p 00000000 00:00 0 
7f055c004000-7f055c005000 r--s 00004000 08:06 20453633                   /home/spaneos/.gradle/caches/modules-2/files-2.1/org.springframework.plugin/spring-plugin-core/1.2.0.RELEASE/f380e7760032e7d929184f8ad8a33716b75c0657/spring-plugin-core-1.2.0.RELEASE.jar
7f055c008000-7f055c00c000 r--s 00018000 08:06 20453110                   /home/spaneos/.gradle/caches/modules-2/files-2.1/com.fasterxml.jackson.datatype/jackson-datatype-jsr310/2.11.3/dd53d93fd448b345eeb75bec336d9c91dc56b796/jackson-datatype-jsr310-2.11.3.jar
7f055c00f000-7f055c011000 r--s 00007000 08:06 20453106                   /home/spaneos/.gradle/caches/modules-2/files-2.1/com.fasterxml.jackson.datatype/jackson-datatype-jdk8/2.11.3/dcdfce3e4af9da18d69b1be6f3d7c91256105831/jackson-datatype-jdk8-2.11.3.jar
7f055c011000-7f055c012000 r--s 00001000 08:06 20453100                   /home/spaneos/.gradle/caches/modules-2/files-2.1/org.springframework.boot/spring-boot-starter-json/2.4.1/5a4b7088c88be531cb416ef218da3e19309f8cea/spring-boot-starter-json-2.4.1.jar
7f055c019000-7f055c01c000 r--s 00011000 08:06 20454359                   /home/spaneos/.gradle/caches/modules-2/files-2.1/io.jsonwebtoken/jjwt-api/0.11.2/57c34dce3e88f2972c5c5465b6291acfb5628084/jjwt-api-0.11.2.jar
7f055c01f000-7f055c0f2000 rw-p 00000000 00:00 0 
7f055c0f2000-7f055c2cc000 r--s 03d6a000 08:06 3016209                    /opt/jdk/jdk1.8.0_202/jre/lib/rt.jar
7f055c2cc000-7f055c2cd000 ---p 00000000 00:00 0 
7f055c2cd000-7f055c418000 rw-p 00000000 00:00 0 
7f055c418000-7f055c8ae000 ---p 00000000 00:00 0 
7f055c8ae000-7f055c8f9000 rw-p 00000000 00:00 0 
7f055c8f9000-7f055cd8e000 ---p 00000000 00:00 0 
7f055cd8e000-7f055ce28000 rw-p 00000000 00:00 0 
7f055ce28000-7f055cfff000 ---p 00000000 00:00 0 
7f055cfff000-7f055d000000 rw-p 00000000 00:00 0 
7f055d000000-7f055de20000 rwxp 00000000 00:00 0 
7f055de20000-7f056c000000 ---p 00000000 00:00 0 
7f056c000000-7f056c6ec000 rw-p 00000000 00:00 0 
7f056c6ec000-7f0570000000 ---p 00000000 00:00 0 
7f0570001000-7f0570002000 r--s 00001000 08:06 20453099                   /home/spaneos/.gradle/caches/modules-2/files-2.1/org.springframework.boot/spring-boot-starter-web/2.4.1/fb70dcc55475177dd404c5577c6d64b6c591c9cd/spring-boot-starter-web-2.4.1.jar
7f0570009000-7f057000a000 r--s 00001000 08:06 20453133                   /home/spaneos/.gradle/caches/modules-2/files-2.1/org.springframework.boot/spring-boot-starter-data-mongodb/2.4.1/51ae98b6912c9e5dc9988060709a2dd486a19458/spring-boot-starter-data-mongodb-2.4.1.jar
7f0570011000-7f0570012000 r--s 00001000 08:06 20453723                   /home/spaneos/.gradle/caches/modules-2/files-2.1/org.springframework.boot/spring-boot-starter-security/2.4.1/deb50c476f4226ab7a3a0411433dfc342dac8aee/spring-boot-starter-security-2.4.1.jar
7f0570014000-7f0570016000 r--s 002c4000 08:06 20453253                   /home/spaneos/.gradle/caches/modules-2/files-2.1/io.springfox/springfox-swagger-ui/2.9.2/d542382a88ff3ea8d4032c28b2b0325797fada7d/springfox-swagger-ui-2.9.2.jar
7f0570016000-7f0570019000 r--s 0000e000 08:06 20453252                   /home/spaneos/.gradle/caches/modules-2/files-2.1/io.springfox/springfox-swagger2/2.9.2/362676bc7f4c6f9f1d568741becab0dfc198c898/springfox-swagger2-2.9.2.jar
7f057001e000-7f05700b5000 rw-p 00000000 00:00 0 
7f05700b5000-7f05700b6000 ---p 00000000 00:00 0 
7f05700b6000-7f05701b6000 rw-p 00000000 00:00 0 
7f05701b6000-7f05701b7000 ---p 00000000 00:00 0 
7f05701b7000-7f05702b7000 rw-p 00000000 00:00 0 
7f05702b7000-7f05702b8000 ---p 00000000 00:00 0 
7f05702b8000-7f05703f1000 rw-p 00000000 00:00 0 
7f05703f1000-7f0570778000 ---p 00000000 00:00 0 
7f0570778000-7f0570793000 r-xp 00000000 08:06 3016424                    /opt/jdk/jdk1.8.0_202/jre/lib/amd64/libzip.so
7f0570793000-7f0570992000 ---p 0001b000 08:06 3016424                    /opt/jdk/jdk1.8.0_202/jre/lib/amd64/libzip.so
7f0570992000-7f0570993000 r--p 0001a000 08:06 3016424                    /opt/jdk/jdk1.8.0_202/jre/lib/amd64/libzip.so
7f0570993000-7f0570994000 rw-p 0001b000 08:06 3016424                    /opt/jdk/jdk1.8.0_202/jre/lib/amd64/libzip.so
7f0570998000-7f05709a3000 r-xp 00000000 08:06 15340463                   /lib/x86_64-linux-gnu/libnss_files-2.23.so
7f05709a3000-7f0570ba2000 ---p 0000b000 08:06 15340463                   /lib/x86_64-linux-gnu/libnss_files-2.23.so
7f0570ba2000-7f0570ba3000 r--p 0000a000 08:06 15340463                   /lib/x86_64-linux-gnu/libnss_files-2.23.so
7f0570ba3000-7f0570ba4000 rw-p 0000b000 08:06 15340463                   /lib/x86_64-linux-gnu/libnss_files-2.23.so
7f0570ba4000-7f0570baa000 rw-p 00000000 00:00 0 
7f0570bb0000-7f0570bbb000 r-xp 00000000 08:06 15340781                   /lib/x86_64-linux-gnu/libnss_nis-2.23.so
7f0570bbb000-7f0570dba000 ---p 0000b000 08:06 15340781                   /lib/x86_64-linux-gnu/libnss_nis-2.23.so
7f0570dba000-7f0570dbb000 r--p 0000a000 08:06 15340781                   /lib/x86_64-linux-gnu/libnss_nis-2.23.so
7f0570dbb000-7f0570dbc000 rw-p 0000b000 08:06 15340781                   /lib/x86_64-linux-gnu/libnss_nis-2.23.so
7f0570dc0000-7f0570dd6000 r-xp 00000000 08:06 15340216                   /lib/x86_64-linux-gnu/libnsl-2.23.so
7f0570dd6000-7f0570fd5000 ---p 00016000 08:06 15340216                   /lib/x86_64-linux-gnu/libnsl-2.23.so
7f0570fd5000-7f0570fd6000 r--p 00015000 08:06 15340216                   /lib/x86_64-linux-gnu/libnsl-2.23.so
7f0570fd6000-7f0570fd7000 rw-p 00016000 08:06 15340216                   /lib/x86_64-linux-gnu/libnsl-2.23.so
7f0570fd7000-7f0570fd9000 rw-p 00000000 00:00 0 
7f0570fe0000-7f0570fe8000 r-xp 00000000 08:06 15340465                   /lib/x86_64-linux-gnu/libnss_compat-2.23.so
7f0570fe8000-7f05711e7000 ---p 00008000 08:06 15340465                   /lib/x86_64-linux-gnu/libnss_compat-2.23.so
7f05711e7000-7f05711e8000 r--p 00007000 08:06 15340465                   /lib/x86_64-linux-gnu/libnss_compat-2.23.so
7f05711e8000-7f05711e9000 rw-p 00008000 08:06 15340465                   /lib/x86_64-linux-gnu/libnss_compat-2.23.so
7f05711f0000-7f057121c000 r-xp 00000000 08:06 3016418                    /opt/jdk/jdk1.8.0_202/jre/lib/amd64/libjava.so
7f057121c000-7f057141b000 ---p 0002c000 08:06 3016418                    /opt/jdk/jdk1.8.0_202/jre/lib/amd64/libjava.so
7f057141b000-7f057141c000 r--p 0002b000 08:06 3016418                    /opt/jdk/jdk1.8.0_202/jre/lib/amd64/libjava.so
7f057141c000-7f057141e000 rw-p 0002c000 08:06 3016418                    /opt/jdk/jdk1.8.0_202/jre/lib/amd64/libjava.so
7f0571420000-7f057142d000 r-xp 00000000 08:06 3016423                    /opt/jdk/jdk1.8.0_202/jre/lib/amd64/libverify.so
7f057142d000-7f057162c000 ---p 0000d000 08:06 3016423                    /opt/jdk/jdk1.8.0_202/jre/lib/amd64/libverify.so
7f057162c000-7f057162e000 r--p 0000c000 08:06 3016423                    /opt/jdk/jdk1.8.0_202/jre/lib/amd64/libverify.so
7f057162e000-7f057162f000 rw-p 0000e000 08:06 3016423                    /opt/jdk/jdk1.8.0_202/jre/lib/amd64/libverify.so
7f0571630000-7f0571637000 r-xp 00000000 08:06 15340784                   /lib/x86_64-linux-gnu/librt-2.23.so
7f0571637000-7f0571836000 ---p 00007000 08:06 15340784                   /lib/x86_64-linux-gnu/librt-2.23.so
7f0571836000-7f0571837000 r--p 00006000 08:06 15340784                   /lib/x86_64-linux-gnu/librt-2.23.so
7f0571837000-7f0571838000 rw-p 00007000 08:06 15340784                   /lib/x86_64-linux-gnu/librt-2.23.so
7f0571838000-7f0571940000 r-xp 00000000 08:06 15340217                   /lib/x86_64-linux-gnu/libm-2.23.so
7f0571940000-7f0571b3f000 ---p 00108000 08:06 15340217                   /lib/x86_64-linux-gnu/libm-2.23.so
7f0571b3f000-7f0571b40000 r--p 00107000 08:06 15340217                   /lib/x86_64-linux-gnu/libm-2.23.so
7f0571b40000-7f0571b41000 rw-p 00108000 08:06 15340217                   /lib/x86_64-linux-gnu/libm-2.23.so
7f0571b48000-7f0572830000 r-xp 00000000 08:06 3016399                    /opt/jdk/jdk1.8.0_202/jre/lib/amd64/server/libjvm.so
7f0572830000-7f0572a2f000 ---p 00ce8000 08:06 3016399                    /opt/jdk/jdk1.8.0_202/jre/lib/amd64/server/libjvm.so
7f0572a2f000-7f0572ac5000 r--p 00ce7000 08:06 3016399                    /opt/jdk/jdk1.8.0_202/jre/lib/amd64/server/libjvm.so
7f0572ac5000-7f0572af6000 rw-p 00d7d000 08:06 3016399                    /opt/jdk/jdk1.8.0_202/jre/lib/amd64/server/libjvm.so
7f0572af6000-7f0572b31000 rw-p 00000000 00:00 0 
7f0572b38000-7f0572cf8000 r-xp 00000000 08:06 15340144                   /lib/x86_64-linux-gnu/libc-2.23.so
7f0572cf8000-7f0572ef8000 ---p 001c0000 08:06 15340144                   /lib/x86_64-linux-gnu/libc-2.23.so
7f0572ef8000-7f0572efc000 r--p 001c0000 08:06 15340144                   /lib/x86_64-linux-gnu/libc-2.23.so
7f0572efc000-7f0572efe000 rw-p 001c4000 08:06 15340144                   /lib/x86_64-linux-gnu/libc-2.23.so
7f0572efe000-7f0572f02000 rw-p 00000000 00:00 0 
7f0572f08000-7f0572f0b000 r-xp 00000000 08:06 15340137                   /lib/x86_64-linux-gnu/libdl-2.23.so
7f0572f0b000-7f057310a000 ---p 00003000 08:06 15340137                   /lib/x86_64-linux-gnu/libdl-2.23.so
7f057310a000-7f057310b000 r--p 00002000 08:06 15340137                   /lib/x86_64-linux-gnu/libdl-2.23.so
7f057310b000-7f057310c000 rw-p 00003000 08:06 15340137                   /lib/x86_64-linux-gnu/libdl-2.23.so
7f0573110000-7f0573127000 r-xp 00000000 08:06 3016071                    /opt/jdk/jdk1.8.0_202/lib/amd64/jli/libjli.so
7f0573127000-7f0573326000 ---p 00017000 08:06 3016071                    /opt/jdk/jdk1.8.0_202/lib/amd64/jli/libjli.so
7f0573326000-7f0573327000 r--p 00016000 08:06 3016071                    /opt/jdk/jdk1.8.0_202/lib/amd64/jli/libjli.so
7f0573327000-7f0573328000 rw-p 00017000 08:06 3016071                    /opt/jdk/jdk1.8.0_202/lib/amd64/jli/libjli.so
7f0573328000-7f0573340000 r-xp 00000000 08:06 15340158                   /lib/x86_64-linux-gnu/libpthread-2.23.so
7f0573340000-7f057353f000 ---p 00018000 08:06 15340158                   /lib/x86_64-linux-gnu/libpthread-2.23.so
7f057353f000-7f0573540000 r--p 00017000 08:06 15340158                   /lib/x86_64-linux-gnu/libpthread-2.23.so
7f0573540000-7f0573541000 rw-p 00018000 08:06 15340158                   /lib/x86_64-linux-gnu/libpthread-2.23.so
7f0573541000-7f0573545000 rw-p 00000000 00:00 0 
7f0573548000-7f057356e000 r-xp 00000000 08:06 15340460                   /lib/x86_64-linux-gnu/ld-2.23.so
7f0573574000-7f0573578000 r--s 0001c000 08:06 20454355                   /home/spaneos/.gradle/caches/modules-2/files-2.1/javax.xml.bind/jaxb-api/2.3.1/8531ad5ac454cc2deb9d4d32c40c4d7451939b5d/jaxb-api-2.3.1.jar
7f0573579000-7f057357b000 r--s 00001000 08:06 20454354                   /home/spaneos/.gradle/caches/modules-2/files-2.1/io.jsonwebtoken/jjwt-jackson/0.11.2/bff0b63d4cbace7b38551a70350875e69201ffeb/jjwt-jackson-0.11.2.jar
7f0573582000-7f0573585000 r--s 0001a000 08:06 20453877                   /home/spaneos/.gradle/caches/modules-2/files-2.1/org.springframework.boot/spring-boot-configuration-processor/2.4.1/d42331b683340464cf7027bf55df6ec52d088eb5/spring-boot-configuration-processor-2.4.1.jar
7f057358b000-7f0573658000 rw-p 00000000 00:00 0 
7f0573658000-7f0573660000 rw-s 00000000 08:06 20713124                   /tmp/hsperfdata_spaneos/10889
7f0573666000-7f0573667000 rw-p 00000000 00:00 0 
7f0573667000-7f0573668000 r--p 00000000 00:00 0 
7f0573668000-7f057366b000 ---p 00000000 00:00 0 
7f057366b000-7f057376d000 rw-p 00000000 00:00 0 
7f057376d000-7f057376e000 r--p 00025000 08:06 15340460                   /lib/x86_64-linux-gnu/ld-2.23.so
7f057376e000-7f057376f000 rw-p 00026000 08:06 15340460                   /lib/x86_64-linux-gnu/ld-2.23.so
7f057376f000-7f0573771000 rw-p 00000000 00:00 0 
7ffca339a000-7ffca33be000 rw-p 00000000 00:00 0                          [stack]
7ffca33c0000-7ffca33c3000 r--p 00000000 00:00 0                          [vvar]
7ffca33c3000-7ffca33c5000 r-xp 00000000 00:00 0                          [vdso]
ffffffffff600000-ffffffffff601000 r-xp 00000000 00:00 0                  [vsyscall]

VM Arguments:
jvm_args: -Dfile.encoding=UTF-8 
java_command: com.heraizen.employee.EmployeeApplication
java_class_path (initial): /home/spaneos/Downloads/employee/bin/main:/home/spaneos/.gradle/caches/modules-2/files-2.1/org.springframework.boot/spring-boot-configuration-processor/2.4.1/d42331b683340464cf7027bf55df6ec52d088eb5/spring-boot-configuration-processor-2.4.1.jar:/home/spaneos/.gradle/caches/modules-2/files-2.1/org.projectlombok/lombok/1.18.16/6dc192c7f93ec1853f70d59d8a6dcf94eb42866/lombok-1.18.16.jar:/home/spaneos/.gradle/caches/modules-2/files-2.1/org.modelmapper/modelmapper/2.3.9/8bb9110f8df3fbd6c1c2e4b69f7c6add737888e7/modelmapper-2.3.9.jar:/home/spaneos/.gradle/caches/modules-2/files-2.1/io.jsonwebtoken/jjwt-jackson/0.11.2/bff0b63d4cbace7b38551a70350875e69201ffeb/jjwt-jackson-0.11.2.jar:/home/spaneos/.gradle/caches/modules-2/files-2.1/javax.xml.bind/jaxb-api/2.3.1/8531ad5ac454cc2deb9d4d32c40c4d7451939b5d/jaxb-api-2.3.1.jar:/home/spaneos/.gradle/caches/modules-2/files-2.1/io.springfox/springfox-swagger2/2.9.2/362676bc7f4c6f9f1d568741becab0dfc198c898/springfox-swagger2-2.9.2.jar:/home/spaneos/.gradle/caches/modules-2/files-2.1/io.springfox/springfox-swagger-ui/2.9.2/d542382a88ff3ea8d4032c28b2b0325797fada7d/springfox-swagger-ui-2.9.2.jar:/home/spaneos/.gradle/caches/modules-2/files-2.1/org.springframework.boot/spring-boot-starter-security/2.4.1/deb50c476f4226ab7a3a0411433dfc342dac8aee/spring-boot-starter-security-2.4.1.jar:/home/spaneos/.gradle/caches/modules-2/files-2.1/org.springframework.boot/spring-boot-starter-data-mongodb/2.4.1/51ae98b6912c9e5dc9988060709a2dd486a19458/spring-boot-starter-data-mongodb-2.4.1.jar:/home/spaneos/.gradle/caches/modules-2/files-2.1/org.springframework.boot/spring-boot-starter-web/2.4.1/fb70dcc55475177dd404c5577c6d64b6c591c9cd/spring-boot-starter-web-2.4.1.jar:/home/spaneos/.gradle/caches/modules-2/files-2.1/io.jsonwebtoken/jjwt-api/0.11.2/57c34dce3e88f2972c5c5465b6291acfb5628084/jjwt-api-0.11.2.jar:/home/spaneos/.gradle/caches/modules-2/files-2.1/org.springframework.boot/spring-boot-starter-json/2.4.1/5a4b7088c88be531cb41
Launcher Type: SUN_STANDARD

Environment Variables:
JAVA_HOME=/opt/jdk/jdk1.8.0_202
PATH=/home/spaneos/bin:/home/spaneos/.local/bin:/opt/gradle/gradle-4.7/bin:/usr/local/sbin:/usr/local/bin:/usr/sbin:/usr/bin:/sbin:/bin:/usr/games:/usr/local/games:/snap/bin
SHELL=/bin/bash
DISPLAY=:0

Signal Handlers:
SIGSEGV: [libjvm.so+0xad3ce0], sa_mask[0]=11111111011111111101111111111110, sa_flags=SA_RESTART|SA_SIGINFO
SIGBUS: [libjvm.so+0xad3ce0], sa_mask[0]=11111111011111111101111111111110, sa_flags=SA_RESTART|SA_SIGINFO
SIGFPE: [libjvm.so+0x90b820], sa_mask[0]=11111111011111111101111111111110, sa_flags=SA_RESTART|SA_SIGINFO
SIGPIPE: [libjvm.so+0x90b820], sa_mask[0]=11111111011111111101111111111110, sa_flags=SA_RESTART|SA_SIGINFO
SIGXFSZ: [libjvm.so+0x90b820], sa_mask[0]=11111111011111111101111111111110, sa_flags=SA_RESTART|SA_SIGINFO
SIGILL: [libjvm.so+0x90b820], sa_mask[0]=11111111011111111101111111111110, sa_flags=SA_RESTART|SA_SIGINFO
SIGUSR1: SIG_DFL, sa_mask[0]=00000000000000000000000000000000, sa_flags=none
SIGUSR2: [libjvm.so+0x90b6f0], sa_mask[0]=00100000000000000000000000000000, sa_flags=SA_RESTART|SA_SIGINFO
SIGHUP: [libjvm.so+0x90bd10], sa_mask[0]=11111111011111111101111111111110, sa_flags=SA_RESTART|SA_SIGINFO
SIGINT: [libjvm.so+0x90bd10], sa_mask[0]=11111111011111111101111111111110, sa_flags=SA_RESTART|SA_SIGINFO
SIGTERM: [libjvm.so+0x90bd10], sa_mask[0]=11111111011111111101111111111110, sa_flags=SA_RESTART|SA_SIGINFO
SIGQUIT: [libjvm.so+0x90bd10], sa_mask[0]=11111111011111111101111111111110, sa_flags=SA_RESTART|SA_SIGINFO


---------------  S Y S T E M  ---------------

OS:DISTRIB_ID=Ubuntu
DISTRIB_RELEASE=16.04
DISTRIB_CODENAME=xenial
DISTRIB_DESCRIPTION="Ubuntu 16.04.7 LTS"

uname:Linux 4.15.0-128-generic #131~16.04.1-Ubuntu SMP Wed Dec 9 17:33:47 UTC 2020 x86_64
libc:glibc 2.23 NPTL 2.23 
rlimit: STACK 8192k, CORE 0k, NPROC 59667, NOFILE 1048576, AS infinity
load average:2.43 1.72 1.47

/proc/meminfo:
MemTotal:       15336532 kB
MemFree:         2002812 kB
MemAvailable:    6551488 kB
Buffers:          867900 kB
Cached:          3543052 kB
SwapCached:           56 kB
Active:         10502720 kB
Inactive:        1874500 kB
Active(anon):    7407580 kB
Inactive(anon):   527632 kB
Active(file):    3095140 kB
Inactive(file):  1346868 kB
Unevictable:         148 kB
Mlocked:             148 kB
SwapTotal:      19998716 kB
SwapFree:       19997424 kB
Dirty:               264 kB
Writeback:             0 kB
AnonPages:       7966448 kB
Mapped:          1253108 kB
Shmem:            290836 kB
Slab:             521268 kB
SReclaimable:     440512 kB
SUnreclaim:        80756 kB
KernelStack:       27392 kB
PageTables:       105248 kB
NFS_Unstable:          0 kB
Bounce:                0 kB
WritebackTmp:          0 kB
CommitLimit:    27666980 kB
Committed_AS:   18714256 kB
VmallocTotal:   34359738367 kB
VmallocUsed:           0 kB
VmallocChunk:          0 kB
HardwareCorrupted:     0 kB
AnonHugePages:         0 kB
ShmemHugePages:        0 kB
ShmemPmdMapped:        0 kB
CmaTotal:              0 kB
CmaFree:               0 kB
HugePages_Total:       0
HugePages_Free:        0
HugePages_Rsvd:        0
HugePages_Surp:        0
Hugepagesize:       2048 kB
DirectMap4k:     1497356 kB
DirectMap2M:    14174208 kB
DirectMap1G:     1048576 kB

container (cgroup) information:
container_type: cgroupv1
cpu_cpuset_cpus: 0-3
cpu_memory_nodes: 0
active_processor_count: 4
cpu_quota: -1
cpu_period: 100000
cpu_shares: -1
memory_limit_in_bytes: -1
memory_and_swap_limit_in_bytes: -2
memory_soft_limit_in_bytes: -1
memory_usage_in_bytes: 12674666496
memory_max_usage_in_bytes: 220303360


CPU:total 4 (initial active 4) (4 cores per cpu, 1 threads per core) family 21 model 48 stepping 1, cmov, cx8, fxsr, mmx, sse, sse2, sse3, ssse3, sse4.1, sse4.2, popcnt, avx, aes, clmul, mmxext, 3dnowpref, lzcnt, sse4a, tsc, tscinvbit, tscinv, bmi1

/proc/cpuinfo:
processor	: 0
vendor_id	: AuthenticAMD
cpu family	: 21
model		: 48
model name	: AMD A8-7600 Radeon R7, 10 Compute Cores 4C+6G
stepping	: 1
microcode	: 0x6003106
cpu MHz		: 1852.381
cache size	: 2048 KB
physical id	: 0
siblings	: 4
core id		: 0
cpu cores	: 2
apicid		: 16
initial apicid	: 0
fpu		: yes
fpu_exception	: yes
cpuid level	: 13
wp		: yes
flags		: fpu vme de pse tsc msr pae mce cx8 apic sep mtrr pge mca cmov pat pse36 clflush mmx fxsr sse sse2 ht syscall nx mmxext fxsr_opt pdpe1gb rdtscp lm constant_tsc rep_good nopl nonstop_tsc cpuid extd_apicid aperfmperf pni pclmulqdq monitor ssse3 fma cx16 sse4_1 sse4_2 popcnt aes xsave avx f16c lahf_lm cmp_legacy svm extapic cr8_legacy abm sse4a misalignsse 3dnowprefetch osvw ibs xop skinit wdt lwp fma4 tce nodeid_msr tbm topoext perfctr_core perfctr_nb bpext ptsc cpb hw_pstate ssbd vmmcall fsgsbase bmi1 xsaveopt arat npt lbrv svm_lock nrip_save tsc_scale vmcb_clean flushbyasid decodeassists pausefilter pfthreshold overflow_recov
bugs		: fxsave_leak sysret_ss_attrs null_seg spectre_v1 spectre_v2 spec_store_bypass
bogomips	: 6184.98
TLB size	: 1536 4K pages
clflush size	: 64
cache_alignment	: 64
address sizes	: 48 bits physical, 48 bits virtual
power management: ts ttp tm 100mhzsteps hwpstate cpb eff_freq_ro [13]

processor	: 1
vendor_id	: AuthenticAMD
cpu family	: 21
model		: 48
model name	: AMD A8-7600 Radeon R7, 10 Compute Cores 4C+6G
stepping	: 1
microcode	: 0x6003106
cpu MHz		: 1816.072
cache size	: 2048 KB
physical id	: 0
siblings	: 4
core id		: 1
cpu cores	: 2
apicid		: 17
initial apicid	: 1
fpu		: yes
fpu_exception	: yes
cpuid level	: 13
wp		: yes
flags		: fpu vme de pse tsc msr pae mce cx8 apic sep mtrr pge mca cmov pat pse36 clflush mmx fxsr sse sse2 ht syscall nx mmxext fxsr_opt pdpe1gb rdtscp lm constant_tsc rep_good nopl nonstop_tsc cpuid extd_apicid aperfmperf pni pclmulqdq monitor ssse3 fma cx16 sse4_1 sse4_2 popcnt aes xsave avx f16c lahf_lm cmp_legacy svm extapic cr8_legacy abm sse4a misalignsse 3dnowprefetch osvw ibs xop skinit wdt lwp fma4 tce nodeid_msr tbm topoext perfctr_core perfctr_nb bpext ptsc cpb hw_pstate ssbd vmmcall fsgsbase bmi1 xsaveopt arat npt lbrv svm_lock nrip_save tsc_scale vmcb_clean flushbyasid decodeassists pausefilter pfthreshold overflow_recov
bugs		: fxsave_leak sysret_ss_attrs null_seg spectre_v1 spectre_v2 spec_store_bypass
bogomips	: 6184.98
TLB size	: 1536 4K pages
clflush size	: 64
cache_alignment	: 64
address sizes	: 48 bits physical, 48 bits virtual
power management: ts ttp tm 100mhzsteps hwpstate cpb eff_freq_ro [13]

processor	: 2
vendor_id	: AuthenticAMD
cpu family	: 21
model		: 48
model name	: AMD A8-7600 Radeon R7, 10 Compute Cores 4C+6G
stepping	: 1
microcode	: 0x6003106
cpu MHz		: 1948.457
cache size	: 2048 KB
physical id	: 0
siblings	: 4
core id		: 2
cpu cores	: 2
apicid		: 18
initial apicid	: 2
fpu		: yes
fpu_exception	: yes
cpuid level	: 13
wp		: yes
flags		: fpu vme de pse tsc msr pae mce cx8 apic sep mtrr pge mca cmov pat pse36 clflush mmx fxsr sse sse2 ht syscall nx mmxext fxsr_opt pdpe1gb rdtscp lm constant_tsc rep_good nopl nonstop_tsc cpuid extd_apicid aperfmperf pni pclmulqdq monitor ssse3 fma cx16 sse4_1 sse4_2 popcnt aes xsave avx f16c lahf_lm cmp_legacy svm extapic cr8_legacy abm sse4a misalignsse 3dnowprefetch osvw ibs xop skinit wdt lwp fma4 tce nodeid_msr tbm topoext perfctr_core perfctr_nb bpext ptsc cpb hw_pstate ssbd vmmcall fsgsbase bmi1 xsaveopt arat npt lbrv svm_lock nrip_save tsc_scale vmcb_clean flushbyasid decodeassists pausefilter pfthreshold overflow_recov
bugs		: fxsave_leak sysret_ss_attrs null_seg spectre_v1 spectre_v2 spec_store_bypass
bogomips	: 6184.98
TLB size	: 1536 4K pages
clflush size	: 64
cache_alignment	: 64
address sizes	: 48 bits physical, 48 bits virtual
power management: ts ttp tm 100mhzsteps hwpstate cpb eff_freq_ro [13]

processor	: 3
vendor_id	: AuthenticAMD
cpu family	: 21
model		: 48
model name	: AMD A8-7600 Radeon R7, 10 Compute Cores 4C+6G
stepping	: 1
microcode	: 0x6003106
cpu MHz		: 1966.227
cache size	: 2048 KB
physical id	: 0
siblings	: 4
core id		: 3
cpu cores	: 2
apicid		: 19
initial apicid	: 3
fpu		: yes
fpu_exception	: yes
cpuid level	: 13
wp		: yes
flags		: fpu vme de pse tsc msr pae mce cx8 apic sep mtrr pge mca cmov pat pse36 clflush mmx fxsr sse sse2 ht syscall nx mmxext fxsr_opt pdpe1gb rdtscp lm constant_tsc rep_good nopl nonstop_tsc cpuid extd_apicid aperfmperf pni pclmulqdq monitor ssse3 fma cx16 sse4_1 sse4_2 popcnt aes xsave avx f16c lahf_lm cmp_legacy svm extapic cr8_legacy abm sse4a misalignsse 3dnowprefetch osvw ibs xop skinit wdt lwp fma4 tce nodeid_msr tbm topoext perfctr_core perfctr_nb bpext ptsc cpb hw_pstate ssbd vmmcall fsgsbase bmi1 xsaveopt arat npt lbrv svm_lock nrip_save tsc_scale vmcb_clean flushbyasid decodeassists pausefilter pfthreshold overflow_recov
bugs		: fxsave_leak sysret_ss_attrs null_seg spectre_v1 spectre_v2 spec_store_bypass
bogomips	: 6184.98
TLB size	: 1536 4K pages
clflush size	: 64
cache_alignment	: 64
address sizes	: 48 bits physical, 48 bits virtual
power management: ts ttp tm 100mhzsteps hwpstate cpb eff_freq_ro [13]



Memory: 4k page, physical 15336532k(2002812k free), swap 19998716k(19997424k free)

vm_info: Java HotSpot(TM) 64-Bit Server VM (25.202-b08) for linux-amd64 JRE (1.8.0_202-b08), built on Dec 15 2018 12:40:22 by "java_re" with gcc 7.3.0

time: Sat Jan  2 20:04:28 2021
timezone: IST
elapsed time: 10 seconds (0d 0h 0m 10s)

